[ 2016-08-31T00:03:46+08:00 ] 114.249.222.97 /ArticleAdd.html
INFO: [ app_init ] --START--
INFO: Run Behavior\BuildLiteBehavior [ RunTime:0.000024s ]
INFO: [ app_init ] --END-- [ RunTime:0.000268s ]
INFO: [ app_begin ] --START--
INFO: Run Behavior\ReadHtmlCacheBehavior [ RunTime:0.000214s ]
INFO: [ app_begin ] --END-- [ RunTime:0.000313s ]
SQL: SELECT * FROM `category`  [ RunTime:0.0003s ]
SQL: INSERT INTO `article` (`title`,`content`,`summary`,`add_time`,`user_id`,`cate_id`) VALUES ('jQuery 插件 HtmlBox 使用方法','kkEAF9.tmp','     		1.引入头文件（注意一定要把jQuery放在前面）：
[html] view plaincopy
<script src=\"lib/jquery-1.8.3.min.js\"></script>  
    <script type=\"text/javascript\" src=\"lib/htmlbox/htmlbox.colors.js\"></script>  。。。。。		','1472573026','5','1') [ RunTime:0.0095s ]

[ 2016-08-31T00:03:46+08:00 ] 114.249.222.97 /index.html
INFO: [ app_init ] --START--
INFO: Run Behavior\BuildLiteBehavior [ RunTime:0.000014s ]
INFO: [ app_init ] --END-- [ RunTime:0.000099s ]
INFO: [ app_begin ] --START--
INFO: Run Behavior\ReadHtmlCacheBehavior [ RunTime:0.000071s ]
INFO: [ app_begin ] --END-- [ RunTime:0.000123s ]
SQL: SELECT art.article_id,art.user_id,art.title,art.summary,art.add_time,p.nickname,c.cate_title,count(a.article_id) browse_number FROM article art left join personal p using(user_id) left join category c using(cate_id) left join answer a using(article_id)  GROUP BY a.article_id ORDER BY browse_number desc LIMIT 20   [ RunTime:0.0010s ]
INFO: [ view_parse ] --START--
INFO: [ template_filter ] --START--
INFO: Run Behavior\ContentReplaceBehavior [ RunTime:0.000092s ]
INFO: [ template_filter ] --END-- [ RunTime:0.000145s ]
INFO: Run Behavior\ParseTemplateBehavior [ RunTime:0.009307s ]
INFO: [ view_parse ] --END-- [ RunTime:0.009390s ]
INFO: [ view_filter ] --START--
INFO: Run Behavior\WriteHtmlCacheBehavior [ RunTime:0.000208s ]
INFO: [ view_filter ] --END-- [ RunTime:0.000285s ]
INFO: [ app_end ] --START--
INFO: Run Behavior\ShowPageTraceBehavior [ RunTime:0.000203s ]
INFO: [ app_end ] --END-- [ RunTime:0.000277s ]

[ 2016-08-31T00:03:46+08:00 ] 114.249.222.97 /js/nav.js
INFO: [ app_init ] --START--
INFO: Run Behavior\BuildLiteBehavior [ RunTime:0.000024s ]
INFO: [ app_init ] --END-- [ RunTime:0.000162s ]
INFO: [ app_begin ] --START--
INFO: Run Behavior\ReadHtmlCacheBehavior [ RunTime:0.000118s ]
INFO: [ app_begin ] --END-- [ RunTime:0.000216s ]
ERR: 无法加载控制器:Js

[ 2016-08-31T00:03:46+08:00 ] 114.249.222.97 /lib/htmlbox/htmlbox.colors.js
INFO: [ app_init ] --START--
INFO: Run Behavior\BuildLiteBehavior [ RunTime:0.000017s ]
INFO: [ app_init ] --END-- [ RunTime:0.000110s ]
INFO: [ app_begin ] --START--
INFO: Run Behavior\ReadHtmlCacheBehavior [ RunTime:0.000079s ]
INFO: [ app_begin ] --END-- [ RunTime:0.000138s ]
ERR: 无法加载控制器:Lib

[ 2016-08-31T00:03:46+08:00 ] 114.249.222.97 /lib/jquery-1.8.3.min.js
INFO: [ app_init ] --START--
INFO: Run Behavior\BuildLiteBehavior [ RunTime:0.000026s ]
INFO: [ app_init ] --END-- [ RunTime:0.000168s ]
INFO: [ app_begin ] --START--
INFO: Run Behavior\ReadHtmlCacheBehavior [ RunTime:0.000084s ]
INFO: [ app_begin ] --END-- [ RunTime:0.000145s ]
ERR: 无法加载控制器:Lib

[ 2016-08-31T00:03:47+08:00 ] 114.249.222.97 /js/nav.js
INFO: [ app_init ] --START--
INFO: Run Behavior\BuildLiteBehavior [ RunTime:0.000015s ]
INFO: [ app_init ] --END-- [ RunTime:0.000104s ]
INFO: [ app_begin ] --START--
INFO: Run Behavior\ReadHtmlCacheBehavior [ RunTime:0.000080s ]
INFO: [ app_begin ] --END-- [ RunTime:0.000137s ]
ERR: 无法加载控制器:Js

[ 2016-08-31T00:03:51+08:00 ] 114.249.222.97 /helist/id/5.html
INFO: [ app_init ] --START--
INFO: Run Behavior\BuildLiteBehavior [ RunTime:0.000016s ]
INFO: [ app_init ] --END-- [ RunTime:0.000105s ]
INFO: [ app_begin ] --START--
INFO: Run Behavior\ReadHtmlCacheBehavior [ RunTime:0.000080s ]
INFO: [ app_begin ] --END-- [ RunTime:0.000136s ]

[ 2016-08-31T00:03:51+08:00 ] 114.249.222.97 /personal.html
INFO: [ app_init ] --START--
INFO: Run Behavior\BuildLiteBehavior [ RunTime:0.000016s ]
INFO: [ app_init ] --END-- [ RunTime:0.000107s ]
INFO: [ app_begin ] --START--
INFO: Run Behavior\ReadHtmlCacheBehavior [ RunTime:0.000079s ]
INFO: [ app_begin ] --END-- [ RunTime:0.000136s ]
SQL: SELECT * FROM `personal` WHERE `user_id` = 5 LIMIT 1   [ RunTime:0.0004s ]
INFO: [ view_parse ] --START--
INFO: [ template_filter ] --START--
INFO: Run Behavior\ContentReplaceBehavior [ RunTime:0.000089s ]
INFO: [ template_filter ] --END-- [ RunTime:0.000150s ]
INFO: Run Behavior\ParseTemplateBehavior [ RunTime:0.008095s ]
INFO: [ view_parse ] --END-- [ RunTime:0.008164s ]
INFO: [ view_filter ] --START--
INFO: Run Behavior\WriteHtmlCacheBehavior [ RunTime:0.000082s ]
INFO: [ view_filter ] --END-- [ RunTime:0.000133s ]
INFO: [ app_end ] --START--
INFO: Run Behavior\ShowPageTraceBehavior [ RunTime:0.000078s ]
INFO: [ app_end ] --END-- [ RunTime:0.000126s ]

[ 2016-08-31T00:04:00+08:00 ] 114.249.222.97 /index.html
INFO: [ app_init ] --START--
INFO: Run Behavior\BuildLiteBehavior [ RunTime:0.000017s ]
INFO: [ app_init ] --END-- [ RunTime:0.000108s ]
INFO: [ app_begin ] --START--
INFO: Run Behavior\ReadHtmlCacheBehavior [ RunTime:0.000080s ]
INFO: [ app_begin ] --END-- [ RunTime:0.000139s ]
SQL: SELECT art.article_id,art.user_id,art.title,art.summary,art.add_time,p.nickname,c.cate_title,count(a.article_id) browse_number FROM article art left join personal p using(user_id) left join category c using(cate_id) left join answer a using(article_id)  GROUP BY a.article_id ORDER BY browse_number desc LIMIT 20   [ RunTime:0.0009s ]
INFO: [ view_parse ] --START--
INFO: [ template_filter ] --START--
INFO: Run Behavior\ContentReplaceBehavior [ RunTime:0.000103s ]
INFO: [ template_filter ] --END-- [ RunTime:0.000162s ]
INFO: Run Behavior\ParseTemplateBehavior [ RunTime:0.009327s ]
INFO: [ view_parse ] --END-- [ RunTime:0.009398s ]
INFO: [ view_filter ] --START--
INFO: Run Behavior\WriteHtmlCacheBehavior [ RunTime:0.000083s ]
INFO: [ view_filter ] --END-- [ RunTime:0.000133s ]
INFO: [ app_end ] --START--
INFO: Run Behavior\ShowPageTraceBehavior [ RunTime:0.000084s ]
INFO: [ app_end ] --END-- [ RunTime:0.000133s ]

[ 2016-08-31T00:04:01+08:00 ] 114.249.222.97 /lib/jquery-1.8.3.min.js
INFO: [ app_init ] --START--
INFO: Run Behavior\BuildLiteBehavior [ RunTime:0.000026s ]
INFO: [ app_init ] --END-- [ RunTime:0.000172s ]
INFO: [ app_begin ] --START--
INFO: Run Behavior\ReadHtmlCacheBehavior [ RunTime:0.000085s ]
INFO: [ app_begin ] --END-- [ RunTime:0.000158s ]
ERR: 无法加载控制器:Lib

[ 2016-08-31T00:04:01+08:00 ] 114.249.222.97 /lib/htmlbox/htmlbox.colors.js
INFO: [ app_init ] --START--
INFO: Run Behavior\BuildLiteBehavior [ RunTime:0.000029s ]
INFO: [ app_init ] --END-- [ RunTime:0.000197s ]
INFO: [ app_begin ] --START--
INFO: Run Behavior\ReadHtmlCacheBehavior [ RunTime:0.000245s ]
INFO: [ app_begin ] --END-- [ RunTime:0.000341s ]
ERR: 无法加载控制器:Lib

[ 2016-08-31T00:04:01+08:00 ] 114.249.222.97 /js/nav.js
INFO: [ app_init ] --START--
INFO: Run Behavior\BuildLiteBehavior [ RunTime:0.000024s ]
INFO: [ app_init ] --END-- [ RunTime:0.000165s ]
INFO: [ app_begin ] --START--
INFO: Run Behavior\ReadHtmlCacheBehavior [ RunTime:0.000246s ]
INFO: [ app_begin ] --END-- [ RunTime:0.000343s ]
ERR: 无法加载控制器:Js

[ 2016-08-31T00:04:03+08:00 ] 114.249.222.97 /artcontent/id/2.html
INFO: [ app_init ] --START--
INFO: Run Behavior\BuildLiteBehavior [ RunTime:0.000016s ]
INFO: [ app_init ] --END-- [ RunTime:0.000105s ]
INFO: [ app_begin ] --START--
INFO: Run Behavior\ReadHtmlCacheBehavior [ RunTime:0.000080s ]
INFO: [ app_begin ] --END-- [ RunTime:0.000138s ]
SQL: SELECT * FROM article a left join personal p on a.user_id=p.user_id  WHERE ( article_id=2 ) LIMIT 1   [ RunTime:0.0005s ]
SQL: SELECT * FROM answer a left join personal p on a.user_id=p.user_id  WHERE ( article_id=2 )  [ RunTime:0.0003s ]
INFO: [ view_parse ] --START--
INFO: [ template_filter ] --START--
INFO: Run Behavior\ContentReplaceBehavior [ RunTime:0.000115s ]
INFO: [ template_filter ] --END-- [ RunTime:0.000177s ]
INFO: Run Behavior\ParseTemplateBehavior [ RunTime:0.024301s ]
INFO: [ view_parse ] --END-- [ RunTime:0.024371s ]
INFO: [ view_filter ] --START--
INFO: Run Behavior\WriteHtmlCacheBehavior [ RunTime:0.000144s ]
INFO: [ view_filter ] --END-- [ RunTime:0.000196s ]
INFO: [ app_end ] --START--
INFO: Run Behavior\ShowPageTraceBehavior [ RunTime:0.000138s ]
INFO: [ app_end ] --END-- [ RunTime:0.000189s ]

[ 2016-08-31T00:04:04+08:00 ] 114.249.222.97 /artcontent/id/lib/jquery-1.8.3.min.js
INFO: [ app_init ] --START--
INFO: Run Behavior\BuildLiteBehavior [ RunTime:0.000023s ]
INFO: [ app_init ] --END-- [ RunTime:0.000144s ]
INFO: [ app_begin ] --START--
INFO: Run Behavior\ReadHtmlCacheBehavior [ RunTime:0.000085s ]
INFO: [ app_begin ] --END-- [ RunTime:0.000157s ]
ERR: 1054:Unknown column 'lib' in 'where clause'
 [ SQL语句 ] : SELECT * FROM article a left join personal p on a.user_id=p.user_id  WHERE ( article_id=lib ) LIMIT 1  
ERR: 1054:Unknown column 'lib' in 'where clause'
 [ SQL语句 ] : SELECT * FROM article a left join personal p on a.user_id=p.user_id  WHERE ( article_id=lib ) LIMIT 1  

[ 2016-08-31T00:04:04+08:00 ] 114.249.222.97 /artcontent/id/lib/htmlbox/htmlbox.styles.js
INFO: [ app_init ] --START--
INFO: Run Behavior\BuildLiteBehavior [ RunTime:0.000022s ]
INFO: [ app_init ] --END-- [ RunTime:0.000140s ]
INFO: [ app_begin ] --START--
INFO: Run Behavior\ReadHtmlCacheBehavior [ RunTime:0.000114s ]
INFO: [ app_begin ] --END-- [ RunTime:0.000195s ]
ERR: 1054:Unknown column 'lib' in 'where clause'
 [ SQL语句 ] : SELECT * FROM article a left join personal p on a.user_id=p.user_id  WHERE ( article_id=lib ) LIMIT 1  
ERR: 1054:Unknown column 'lib' in 'where clause'
 [ SQL语句 ] : SELECT * FROM article a left join personal p on a.user_id=p.user_id  WHERE ( article_id=lib ) LIMIT 1  

[ 2016-08-31T00:04:04+08:00 ] 114.249.222.97 /artcontent/id/lib/htmlbox/htmlbox.undoredomanager.js
INFO: [ app_init ] --START--
INFO: Run Behavior\BuildLiteBehavior [ RunTime:0.000020s ]
INFO: [ app_init ] --END-- [ RunTime:0.000123s ]
INFO: [ app_begin ] --START--
INFO: Run Behavior\ReadHtmlCacheBehavior [ RunTime:0.000114s ]
INFO: [ app_begin ] --END-- [ RunTime:0.000195s ]
ERR: 1054:Unknown column 'lib' in 'where clause'
 [ SQL语句 ] : SELECT * FROM article a left join personal p on a.user_id=p.user_id  WHERE ( article_id=lib ) LIMIT 1  
ERR: 1054:Unknown column 'lib' in 'where clause'
 [ SQL语句 ] : SELECT * FROM article a left join personal p on a.user_id=p.user_id  WHERE ( article_id=lib ) LIMIT 1  

[ 2016-08-31T00:04:04+08:00 ] 114.249.222.97 /artcontent/id/lib/htmlbox/htmlbox.syntax.js
INFO: [ app_init ] --START--
INFO: Run Behavior\BuildLiteBehavior [ RunTime:0.000015s ]
INFO: [ app_init ] --END-- [ RunTime:0.000110s ]
INFO: [ app_begin ] --START--
INFO: Run Behavior\ReadHtmlCacheBehavior [ RunTime:0.000137s ]
INFO: [ app_begin ] --END-- [ RunTime:0.000199s ]
ERR: 1054:Unknown column 'lib' in 'where clause'
 [ SQL语句 ] : SELECT * FROM article a left join personal p on a.user_id=p.user_id  WHERE ( article_id=lib ) LIMIT 1  
ERR: 1054:Unknown column 'lib' in 'where clause'
 [ SQL语句 ] : SELECT * FROM article a left join personal p on a.user_id=p.user_id  WHERE ( article_id=lib ) LIMIT 1  

[ 2016-08-31T00:04:04+08:00 ] 114.249.222.97 /artcontent/id/lib/htmlbox/htmlbox.min.js
INFO: [ app_init ] --START--
INFO: Run Behavior\BuildLiteBehavior [ RunTime:0.000015s ]
INFO: [ app_init ] --END-- [ RunTime:0.000102s ]
INFO: [ app_begin ] --START--
INFO: Run Behavior\ReadHtmlCacheBehavior [ RunTime:0.000158s ]
INFO: [ app_begin ] --END-- [ RunTime:0.000227s ]
ERR: 1054:Unknown column 'lib' in 'where clause'
 [ SQL语句 ] : SELECT * FROM article a left join personal p on a.user_id=p.user_id  WHERE ( article_id=lib ) LIMIT 1  
ERR: 1054:Unknown column 'lib' in 'where clause'
 [ SQL语句 ] : SELECT * FROM article a left join personal p on a.user_id=p.user_id  WHERE ( article_id=lib ) LIMIT 1  

[ 2016-08-31T00:04:04+08:00 ] 114.249.222.97 /artcontent/id/lib/htmlbox/htmlbox.colors.js
INFO: [ app_init ] --START--
INFO: Run Behavior\BuildLiteBehavior [ RunTime:0.000020s ]
INFO: [ app_init ] --END-- [ RunTime:0.000128s ]
INFO: [ app_begin ] --START--
INFO: Run Behavior\ReadHtmlCacheBehavior [ RunTime:0.000185s ]
INFO: [ app_begin ] --END-- [ RunTime:0.000253s ]
ERR: 1054:Unknown column 'lib' in 'where clause'
 [ SQL语句 ] : SELECT * FROM article a left join personal p on a.user_id=p.user_id  WHERE ( article_id=lib ) LIMIT 1  
ERR: 1054:Unknown column 'lib' in 'where clause'
 [ SQL语句 ] : SELECT * FROM article a left join personal p on a.user_id=p.user_id  WHERE ( article_id=lib ) LIMIT 1  

[ 2016-08-31T00:04:04+08:00 ] 114.249.222.97 /artcontent/id/lib/htmlbox/htmlbox.colors.js
INFO: [ app_init ] --START--
INFO: Run Behavior\BuildLiteBehavior [ RunTime:0.000013s ]
INFO: [ app_init ] --END-- [ RunTime:0.000089s ]
INFO: [ app_begin ] --START--
INFO: Run Behavior\ReadHtmlCacheBehavior [ RunTime:0.000066s ]
INFO: [ app_begin ] --END-- [ RunTime:0.000113s ]
ERR: 1054:Unknown column 'lib' in 'where clause'
 [ SQL语句 ] : SELECT * FROM article a left join personal p on a.user_id=p.user_id  WHERE ( article_id=lib ) LIMIT 1  
ERR: 1054:Unknown column 'lib' in 'where clause'
 [ SQL语句 ] : SELECT * FROM article a left join personal p on a.user_id=p.user_id  WHERE ( article_id=lib ) LIMIT 1  

[ 2016-08-31T00:04:04+08:00 ] 114.249.222.97 /artcontent/id/lib/htmlbox/htmlbox.styles.js
INFO: [ app_init ] --START--
INFO: Run Behavior\BuildLiteBehavior [ RunTime:0.000016s ]
INFO: [ app_init ] --END-- [ RunTime:0.000107s ]
INFO: [ app_begin ] --START--
INFO: Run Behavior\ReadHtmlCacheBehavior [ RunTime:0.000082s ]
INFO: [ app_begin ] --END-- [ RunTime:0.000141s ]
ERR: 1054:Unknown column 'lib' in 'where clause'
 [ SQL语句 ] : SELECT * FROM article a left join personal p on a.user_id=p.user_id  WHERE ( article_id=lib ) LIMIT 1  
ERR: 1054:Unknown column 'lib' in 'where clause'
 [ SQL语句 ] : SELECT * FROM article a left join personal p on a.user_id=p.user_id  WHERE ( article_id=lib ) LIMIT 1  

[ 2016-08-31T00:04:05+08:00 ] 114.249.222.97 /artcontent/id/lib/htmlbox/htmlbox.syntax.js
INFO: [ app_init ] --START--
INFO: Run Behavior\BuildLiteBehavior [ RunTime:0.000016s ]
INFO: [ app_init ] --END-- [ RunTime:0.000120s ]
INFO: [ app_begin ] --START--
INFO: Run Behavior\ReadHtmlCacheBehavior [ RunTime:0.000095s ]
INFO: [ app_begin ] --END-- [ RunTime:0.000173s ]
ERR: 1054:Unknown column 'lib' in 'where clause'
 [ SQL语句 ] : SELECT * FROM article a left join personal p on a.user_id=p.user_id  WHERE ( article_id=lib ) LIMIT 1  
ERR: 1054:Unknown column 'lib' in 'where clause'
 [ SQL语句 ] : SELECT * FROM article a left join personal p on a.user_id=p.user_id  WHERE ( article_id=lib ) LIMIT 1  

[ 2016-08-31T00:04:05+08:00 ] 114.249.222.97 /artcontent/id/lib/htmlbox/htmlbox.undoredomanager.js
INFO: [ app_init ] --START--
INFO: Run Behavior\BuildLiteBehavior [ RunTime:0.000016s ]
INFO: [ app_init ] --END-- [ RunTime:0.000107s ]
INFO: [ app_begin ] --START--
INFO: Run Behavior\ReadHtmlCacheBehavior [ RunTime:0.000081s ]
INFO: [ app_begin ] --END-- [ RunTime:0.000157s ]
ERR: 1054:Unknown column 'lib' in 'where clause'
 [ SQL语句 ] : SELECT * FROM article a left join personal p on a.user_id=p.user_id  WHERE ( article_id=lib ) LIMIT 1  
ERR: 1054:Unknown column 'lib' in 'where clause'
 [ SQL语句 ] : SELECT * FROM article a left join personal p on a.user_id=p.user_id  WHERE ( article_id=lib ) LIMIT 1  

[ 2016-08-31T00:04:30+08:00 ] 114.249.222.97 /artcontent/id/2.html
INFO: [ app_init ] --START--
INFO: Run Behavior\BuildLiteBehavior [ RunTime:0.000016s ]
INFO: [ app_init ] --END-- [ RunTime:0.000109s ]
INFO: [ app_begin ] --START--
INFO: Run Behavior\ReadHtmlCacheBehavior [ RunTime:0.000083s ]
INFO: [ app_begin ] --END-- [ RunTime:0.000144s ]
SQL: SELECT * FROM article a left join personal p on a.user_id=p.user_id  WHERE ( article_id=2 ) LIMIT 1   [ RunTime:0.0004s ]
SQL: SELECT * FROM answer a left join personal p on a.user_id=p.user_id  WHERE ( article_id=2 )  [ RunTime:0.0003s ]
INFO: [ view_parse ] --START--
INFO: [ template_filter ] --START--
INFO: Run Behavior\ContentReplaceBehavior [ RunTime:0.000117s ]
INFO: [ template_filter ] --END-- [ RunTime:0.000181s ]
INFO: Run Behavior\ParseTemplateBehavior [ RunTime:0.024516s ]
INFO: [ view_parse ] --END-- [ RunTime:0.024586s ]
INFO: [ view_filter ] --START--
INFO: Run Behavior\WriteHtmlCacheBehavior [ RunTime:0.000147s ]
INFO: [ view_filter ] --END-- [ RunTime:0.000198s ]
INFO: [ app_end ] --START--
INFO: Run Behavior\ShowPageTraceBehavior [ RunTime:0.000141s ]
INFO: [ app_end ] --END-- [ RunTime:0.000192s ]

[ 2016-08-31T00:04:30+08:00 ] 114.249.222.97 /artcontent/id/lib/jquery-1.8.3.min.js
INFO: [ app_init ] --START--
INFO: Run Behavior\BuildLiteBehavior [ RunTime:0.000026s ]
INFO: [ app_init ] --END-- [ RunTime:0.000166s ]
INFO: [ app_begin ] --START--
INFO: Run Behavior\ReadHtmlCacheBehavior [ RunTime:0.000112s ]
INFO: [ app_begin ] --END-- [ RunTime:0.000200s ]
ERR: 1054:Unknown column 'lib' in 'where clause'
 [ SQL语句 ] : SELECT * FROM article a left join personal p on a.user_id=p.user_id  WHERE ( article_id=lib ) LIMIT 1  
ERR: 1054:Unknown column 'lib' in 'where clause'
 [ SQL语句 ] : SELECT * FROM article a left join personal p on a.user_id=p.user_id  WHERE ( article_id=lib ) LIMIT 1  

[ 2016-08-31T00:04:30+08:00 ] 114.249.222.97 /artcontent/id/lib/htmlbox/htmlbox.colors.js
INFO: [ app_init ] --START--
INFO: Run Behavior\BuildLiteBehavior [ RunTime:0.000022s ]
INFO: [ app_init ] --END-- [ RunTime:0.000149s ]
INFO: [ app_begin ] --START--
INFO: Run Behavior\ReadHtmlCacheBehavior [ RunTime:0.000109s ]
INFO: [ app_begin ] --END-- [ RunTime:0.000201s ]
ERR: 1054:Unknown column 'lib' in 'where clause'
 [ SQL语句 ] : SELECT * FROM article a left join personal p on a.user_id=p.user_id  WHERE ( article_id=lib ) LIMIT 1  
ERR: 1054:Unknown column 'lib' in 'where clause'
 [ SQL语句 ] : SELECT * FROM article a left join personal p on a.user_id=p.user_id  WHERE ( article_id=lib ) LIMIT 1  

[ 2016-08-31T00:04:30+08:00 ] 114.249.222.97 /artcontent/id/lib/htmlbox/htmlbox.syntax.js
INFO: [ app_init ] --START--
INFO: Run Behavior\BuildLiteBehavior [ RunTime:0.000024s ]
INFO: [ app_init ] --END-- [ RunTime:0.000154s ]
INFO: [ app_begin ] --START--
INFO: Run Behavior\ReadHtmlCacheBehavior [ RunTime:0.000109s ]
INFO: [ app_begin ] --END-- [ RunTime:0.000196s ]
ERR: 1054:Unknown column 'lib' in 'where clause'
 [ SQL语句 ] : SELECT * FROM article a left join personal p on a.user_id=p.user_id  WHERE ( article_id=lib ) LIMIT 1  
ERR: 1054:Unknown column 'lib' in 'where clause'
 [ SQL语句 ] : SELECT * FROM article a left join personal p on a.user_id=p.user_id  WHERE ( article_id=lib ) LIMIT 1  

[ 2016-08-31T00:04:30+08:00 ] 114.249.222.97 /artcontent/id/lib/htmlbox/htmlbox.min.js
INFO: [ app_init ] --START--
INFO: Run Behavior\BuildLiteBehavior [ RunTime:0.000021s ]
INFO: [ app_init ] --END-- [ RunTime:0.000160s ]
INFO: [ app_begin ] --START--
INFO: Run Behavior\ReadHtmlCacheBehavior [ RunTime:0.000114s ]
INFO: [ app_begin ] --END-- [ RunTime:0.000209s ]
ERR: 1054:Unknown column 'lib' in 'where clause'
 [ SQL语句 ] : SELECT * FROM article a left join personal p on a.user_id=p.user_id  WHERE ( article_id=lib ) LIMIT 1  
ERR: 1054:Unknown column 'lib' in 'where clause'
 [ SQL语句 ] : SELECT * FROM article a left join personal p on a.user_id=p.user_id  WHERE ( article_id=lib ) LIMIT 1  

[ 2016-08-31T00:04:30+08:00 ] 114.249.222.97 /artcontent/id/lib/htmlbox/htmlbox.styles.js
INFO: [ app_init ] --START--
INFO: Run Behavior\BuildLiteBehavior [ RunTime:0.000022s ]
INFO: [ app_init ] --END-- [ RunTime:0.000147s ]
INFO: [ app_begin ] --START--
INFO: Run Behavior\ReadHtmlCacheBehavior [ RunTime:0.000103s ]
INFO: [ app_begin ] --END-- [ RunTime:0.000198s ]
ERR: 1054:Unknown column 'lib' in 'where clause'
 [ SQL语句 ] : SELECT * FROM article a left join personal p on a.user_id=p.user_id  WHERE ( article_id=lib ) LIMIT 1  
ERR: 1054:Unknown column 'lib' in 'where clause'
 [ SQL语句 ] : SELECT * FROM article a left join personal p on a.user_id=p.user_id  WHERE ( article_id=lib ) LIMIT 1  

[ 2016-08-31T00:04:30+08:00 ] 114.249.222.97 /artcontent/id/lib/htmlbox/htmlbox.undoredomanager.js
INFO: [ app_init ] --START--
INFO: Run Behavior\BuildLiteBehavior [ RunTime:0.000021s ]
INFO: [ app_init ] --END-- [ RunTime:0.000133s ]
INFO: [ app_begin ] --START--
INFO: Run Behavior\ReadHtmlCacheBehavior [ RunTime:0.000082s ]
INFO: [ app_begin ] --END-- [ RunTime:0.000147s ]
ERR: 1054:Unknown column 'lib' in 'where clause'
 [ SQL语句 ] : SELECT * FROM article a left join personal p on a.user_id=p.user_id  WHERE ( article_id=lib ) LIMIT 1  
ERR: 1054:Unknown column 'lib' in 'where clause'
 [ SQL语句 ] : SELECT * FROM article a left join personal p on a.user_id=p.user_id  WHERE ( article_id=lib ) LIMIT 1  

[ 2016-08-31T00:04:30+08:00 ] 114.249.222.97 /artcontent/id/lib/htmlbox/htmlbox.syntax.js
INFO: [ app_init ] --START--
INFO: Run Behavior\BuildLiteBehavior [ RunTime:0.000016s ]
INFO: [ app_init ] --END-- [ RunTime:0.000107s ]
INFO: [ app_begin ] --START--
INFO: Run Behavior\ReadHtmlCacheBehavior [ RunTime:0.000081s ]
INFO: [ app_begin ] --END-- [ RunTime:0.000140s ]
ERR: 1054:Unknown column 'lib' in 'where clause'
 [ SQL语句 ] : SELECT * FROM article a left join personal p on a.user_id=p.user_id  WHERE ( article_id=lib ) LIMIT 1  
ERR: 1054:Unknown column 'lib' in 'where clause'
 [ SQL语句 ] : SELECT * FROM article a left join personal p on a.user_id=p.user_id  WHERE ( article_id=lib ) LIMIT 1  

[ 2016-08-31T00:04:30+08:00 ] 114.249.222.97 /artcontent/id/lib/htmlbox/htmlbox.undoredomanager.js
INFO: [ app_init ] --START--
INFO: Run Behavior\BuildLiteBehavior [ RunTime:0.000018s ]
INFO: [ app_init ] --END-- [ RunTime:0.000149s ]
INFO: [ app_begin ] --START--
INFO: Run Behavior\ReadHtmlCacheBehavior [ RunTime:0.000081s ]
INFO: [ app_begin ] --END-- [ RunTime:0.000141s ]
ERR: 1054:Unknown column 'lib' in 'where clause'
 [ SQL语句 ] : SELECT * FROM article a left join personal p on a.user_id=p.user_id  WHERE ( article_id=lib ) LIMIT 1  
ERR: 1054:Unknown column 'lib' in 'where clause'
 [ SQL语句 ] : SELECT * FROM article a left join personal p on a.user_id=p.user_id  WHERE ( article_id=lib ) LIMIT 1  

[ 2016-08-31T00:04:30+08:00 ] 114.249.222.97 /artcontent/id/lib/htmlbox/htmlbox.min.js
INFO: [ app_init ] --START--
INFO: Run Behavior\BuildLiteBehavior [ RunTime:0.000016s ]
INFO: [ app_init ] --END-- [ RunTime:0.000107s ]
INFO: [ app_begin ] --START--
INFO: Run Behavior\ReadHtmlCacheBehavior [ RunTime:0.000085s ]
INFO: [ app_begin ] --END-- [ RunTime:0.000160s ]
ERR: 1054:Unknown column 'lib' in 'where clause'
 [ SQL语句 ] : SELECT * FROM article a left join personal p on a.user_id=p.user_id  WHERE ( article_id=lib ) LIMIT 1  
ERR: 1054:Unknown column 'lib' in 'where clause'
 [ SQL语句 ] : SELECT * FROM article a left join personal p on a.user_id=p.user_id  WHERE ( article_id=lib ) LIMIT 1  

[ 2016-08-31T00:05:32+08:00 ] 114.249.222.97 /artcontent/id/2.html
INFO: [ app_init ] --START--
INFO: Run Behavior\BuildLiteBehavior [ RunTime:0.000017s ]
INFO: [ app_init ] --END-- [ RunTime:0.000188s ]
INFO: [ app_begin ] --START--
INFO: Run Behavior\ReadHtmlCacheBehavior [ RunTime:0.000103s ]
INFO: [ app_begin ] --END-- [ RunTime:0.000164s ]
SQL: SELECT * FROM article a left join personal p on a.user_id=p.user_id  WHERE ( article_id=2 ) LIMIT 1   [ RunTime:0.0004s ]
SQL: SELECT * FROM answer a left join personal p on a.user_id=p.user_id  WHERE ( article_id=2 )  [ RunTime:0.0004s ]
INFO: [ view_parse ] --START--
INFO: [ template_filter ] --START--
INFO: Run Behavior\ContentReplaceBehavior [ RunTime:0.000100s ]
INFO: [ template_filter ] --END-- [ RunTime:0.000158s ]
INFO: Run Behavior\ParseTemplateBehavior [ RunTime:0.009930s ]
INFO: [ view_parse ] --END-- [ RunTime:0.010007s ]
INFO: [ view_filter ] --START--
INFO: Run Behavior\WriteHtmlCacheBehavior [ RunTime:0.000109s ]
INFO: [ view_filter ] --END-- [ RunTime:0.000159s ]
INFO: [ app_end ] --START--
INFO: Run Behavior\ShowPageTraceBehavior [ RunTime:0.000099s ]
INFO: [ app_end ] --END-- [ RunTime:0.000149s ]

[ 2016-08-31T00:05:32+08:00 ] 114.249.222.97 /artcontent/id/lib/htmlbox/htmlbox.colors.js
INFO: [ app_init ] --START--
INFO: Run Behavior\BuildLiteBehavior [ RunTime:0.000023s ]
INFO: [ app_init ] --END-- [ RunTime:0.000150s ]
INFO: [ app_begin ] --START--
INFO: Run Behavior\ReadHtmlCacheBehavior [ RunTime:0.000108s ]
INFO: [ app_begin ] --END-- [ RunTime:0.000198s ]
ERR: 1054:Unknown column 'lib' in 'where clause'
 [ SQL语句 ] : SELECT * FROM article a left join personal p on a.user_id=p.user_id  WHERE ( article_id=lib ) LIMIT 1  
ERR: 1054:Unknown column 'lib' in 'where clause'
 [ SQL语句 ] : SELECT * FROM article a left join personal p on a.user_id=p.user_id  WHERE ( article_id=lib ) LIMIT 1  

[ 2016-08-31T00:05:32+08:00 ] 114.249.222.97 /artcontent/id/lib/jquery-1.8.3.min.js
INFO: [ app_init ] --START--
INFO: Run Behavior\BuildLiteBehavior [ RunTime:0.000021s ]
INFO: [ app_init ] --END-- [ RunTime:0.000146s ]
INFO: [ app_begin ] --START--
INFO: Run Behavior\ReadHtmlCacheBehavior [ RunTime:0.000105s ]
INFO: [ app_begin ] --END-- [ RunTime:0.000190s ]
ERR: 1054:Unknown column 'lib' in 'where clause'
 [ SQL语句 ] : SELECT * FROM article a left join personal p on a.user_id=p.user_id  WHERE ( article_id=lib ) LIMIT 1  
ERR: 1054:Unknown column 'lib' in 'where clause'
 [ SQL语句 ] : SELECT * FROM article a left join personal p on a.user_id=p.user_id  WHERE ( article_id=lib ) LIMIT 1  

[ 2016-08-31T00:05:32+08:00 ] 114.249.222.97 /artcontent/id/lib/htmlbox/htmlbox.syntax.js
INFO: [ app_init ] --START--
INFO: Run Behavior\BuildLiteBehavior [ RunTime:0.000024s ]
INFO: [ app_init ] --END-- [ RunTime:0.000147s ]
INFO: [ app_begin ] --START--
INFO: Run Behavior\ReadHtmlCacheBehavior [ RunTime:0.000116s ]
INFO: [ app_begin ] --END-- [ RunTime:0.000198s ]
ERR: 1054:Unknown column 'lib' in 'where clause'
 [ SQL语句 ] : SELECT * FROM article a left join personal p on a.user_id=p.user_id  WHERE ( article_id=lib ) LIMIT 1  
ERR: 1054:Unknown column 'lib' in 'where clause'
 [ SQL语句 ] : SELECT * FROM article a left join personal p on a.user_id=p.user_id  WHERE ( article_id=lib ) LIMIT 1  

[ 2016-08-31T00:05:32+08:00 ] 114.249.222.97 /artcontent/id/lib/htmlbox/htmlbox.undoredomanager.js
INFO: [ app_init ] --START--
INFO: Run Behavior\BuildLiteBehavior [ RunTime:0.000024s ]
INFO: [ app_init ] --END-- [ RunTime:0.000135s ]
INFO: [ app_begin ] --START--
INFO: Run Behavior\ReadHtmlCacheBehavior [ RunTime:0.000094s ]
INFO: [ app_begin ] --END-- [ RunTime:0.000156s ]
ERR: 1054:Unknown column 'lib' in 'where clause'
 [ SQL语句 ] : SELECT * FROM article a left join personal p on a.user_id=p.user_id  WHERE ( article_id=lib ) LIMIT 1  
ERR: 1054:Unknown column 'lib' in 'where clause'
 [ SQL语句 ] : SELECT * FROM article a left join personal p on a.user_id=p.user_id  WHERE ( article_id=lib ) LIMIT 1  

[ 2016-08-31T00:05:32+08:00 ] 114.249.222.97 /artcontent/id/lib/htmlbox/htmlbox.styles.js
INFO: [ app_init ] --START--
INFO: Run Behavior\BuildLiteBehavior [ RunTime:0.000015s ]
INFO: [ app_init ] --END-- [ RunTime:0.000103s ]
INFO: [ app_begin ] --START--
INFO: Run Behavior\ReadHtmlCacheBehavior [ RunTime:0.000122s ]
INFO: [ app_begin ] --END-- [ RunTime:0.000218s ]
ERR: 1054:Unknown column 'lib' in 'where clause'
 [ SQL语句 ] : SELECT * FROM article a left join personal p on a.user_id=p.user_id  WHERE ( article_id=lib ) LIMIT 1  
ERR: 1054:Unknown column 'lib' in 'where clause'
 [ SQL语句 ] : SELECT * FROM article a left join personal p on a.user_id=p.user_id  WHERE ( article_id=lib ) LIMIT 1  

[ 2016-08-31T00:05:32+08:00 ] 114.249.222.97 /artcontent/id/lib/htmlbox/htmlbox.min.js
INFO: [ app_init ] --START--
INFO: Run Behavior\BuildLiteBehavior [ RunTime:0.000023s ]
INFO: [ app_init ] --END-- [ RunTime:0.000164s ]
INFO: [ app_begin ] --START--
INFO: Run Behavior\ReadHtmlCacheBehavior [ RunTime:0.000120s ]
INFO: [ app_begin ] --END-- [ RunTime:0.000219s ]
ERR: 1054:Unknown column 'lib' in 'where clause'
 [ SQL语句 ] : SELECT * FROM article a left join personal p on a.user_id=p.user_id  WHERE ( article_id=lib ) LIMIT 1  
ERR: 1054:Unknown column 'lib' in 'where clause'
 [ SQL语句 ] : SELECT * FROM article a left join personal p on a.user_id=p.user_id  WHERE ( article_id=lib ) LIMIT 1  

[ 2016-08-31T00:05:32+08:00 ] 114.249.222.97 /artcontent/id/lib/htmlbox/htmlbox.colors.js
INFO: [ app_init ] --START--
INFO: Run Behavior\BuildLiteBehavior [ RunTime:0.000025s ]
INFO: [ app_init ] --END-- [ RunTime:0.000160s ]
INFO: [ app_begin ] --START--
INFO: Run Behavior\ReadHtmlCacheBehavior [ RunTime:0.000111s ]
INFO: [ app_begin ] --END-- [ RunTime:0.000211s ]
ERR: 1054:Unknown column 'lib' in 'where clause'
 [ SQL语句 ] : SELECT * FROM article a left join personal p on a.user_id=p.user_id  WHERE ( article_id=lib ) LIMIT 1  
ERR: 1054:Unknown column 'lib' in 'where clause'
 [ SQL语句 ] : SELECT * FROM article a left join personal p on a.user_id=p.user_id  WHERE ( article_id=lib ) LIMIT 1  

[ 2016-08-31T00:05:35+08:00 ] 114.249.222.97 /artcontent/id/lib/htmlbox/htmlbox.syntax.js
INFO: [ app_init ] --START--
INFO: Run Behavior\BuildLiteBehavior [ RunTime:0.000017s ]
INFO: [ app_init ] --END-- [ RunTime:0.000108s ]
INFO: [ app_begin ] --START--
INFO: Run Behavior\ReadHtmlCacheBehavior [ RunTime:0.000081s ]
INFO: [ app_begin ] --END-- [ RunTime:0.000139s ]
ERR: 1054:Unknown column 'lib' in 'where clause'
 [ SQL语句 ] : SELECT * FROM article a left join personal p on a.user_id=p.user_id  WHERE ( article_id=lib ) LIMIT 1  
ERR: 1054:Unknown column 'lib' in 'where clause'
 [ SQL语句 ] : SELECT * FROM article a left join personal p on a.user_id=p.user_id  WHERE ( article_id=lib ) LIMIT 1  

[ 2016-08-31T00:05:35+08:00 ] 114.249.222.97 /artcontent/id/lib/htmlbox/htmlbox.undoredomanager.js
INFO: [ app_init ] --START--
INFO: Run Behavior\BuildLiteBehavior [ RunTime:0.000024s ]
INFO: [ app_init ] --END-- [ RunTime:0.000165s ]
INFO: [ app_begin ] --START--
INFO: Run Behavior\ReadHtmlCacheBehavior [ RunTime:0.000113s ]
INFO: [ app_begin ] --END-- [ RunTime:0.000204s ]
ERR: 1054:Unknown column 'lib' in 'where clause'
 [ SQL语句 ] : SELECT * FROM article a left join personal p on a.user_id=p.user_id  WHERE ( article_id=lib ) LIMIT 1  
ERR: 1054:Unknown column 'lib' in 'where clause'
 [ SQL语句 ] : SELECT * FROM article a left join personal p on a.user_id=p.user_id  WHERE ( article_id=lib ) LIMIT 1  

[ 2016-08-31T00:05:35+08:00 ] 114.249.222.97 /artcontent/id/lib/htmlbox/htmlbox.min.js
INFO: [ app_init ] --START--
INFO: Run Behavior\BuildLiteBehavior [ RunTime:0.000016s ]
INFO: [ app_init ] --END-- [ RunTime:0.000106s ]
INFO: [ app_begin ] --START--
INFO: Run Behavior\ReadHtmlCacheBehavior [ RunTime:0.000082s ]
INFO: [ app_begin ] --END-- [ RunTime:0.000140s ]
ERR: 1054:Unknown column 'lib' in 'where clause'
 [ SQL语句 ] : SELECT * FROM article a left join personal p on a.user_id=p.user_id  WHERE ( article_id=lib ) LIMIT 1  
ERR: 1054:Unknown column 'lib' in 'where clause'
 [ SQL语句 ] : SELECT * FROM article a left join personal p on a.user_id=p.user_id  WHERE ( article_id=lib ) LIMIT 1  

[ 2016-08-31T00:06:18+08:00 ] 114.249.222.97 /artcontent/id/2.html
INFO: [ app_init ] --START--
INFO: Run Behavior\BuildLiteBehavior [ RunTime:0.000016s ]
INFO: [ app_init ] --END-- [ RunTime:0.000107s ]
INFO: [ app_begin ] --START--
INFO: Run Behavior\ReadHtmlCacheBehavior [ RunTime:0.000162s ]
INFO: [ app_begin ] --END-- [ RunTime:0.000226s ]
SQL: INSERT INTO `answer` (`answer_content`,`user_id`,`answer_time`,`article_id`) VALUES ('吗蛋，，，内容是标签就这么显示文章','5','1472573178','2') [ RunTime:0.0003s ]

[ 2016-08-31T00:06:18+08:00 ] 114.249.222.97 /artcontent/id/2.html
INFO: [ app_init ] --START--
INFO: Run Behavior\BuildLiteBehavior [ RunTime:0.000016s ]
INFO: [ app_init ] --END-- [ RunTime:0.000108s ]
INFO: [ app_begin ] --START--
INFO: Run Behavior\ReadHtmlCacheBehavior [ RunTime:0.000082s ]
INFO: [ app_begin ] --END-- [ RunTime:0.000142s ]
SQL: SELECT * FROM article a left join personal p on a.user_id=p.user_id  WHERE ( article_id=2 ) LIMIT 1   [ RunTime:0.0004s ]
SQL: SELECT * FROM answer a left join personal p on a.user_id=p.user_id  WHERE ( article_id=2 )  [ RunTime:0.0003s ]
INFO: [ view_parse ] --START--
INFO: [ template_filter ] --START--
INFO: Run Behavior\ContentReplaceBehavior [ RunTime:0.000120s ]
INFO: [ template_filter ] --END-- [ RunTime:0.000185s ]
INFO: Run Behavior\ParseTemplateBehavior [ RunTime:0.025431s ]
INFO: [ view_parse ] --END-- [ RunTime:0.025500s ]
INFO: [ view_filter ] --START--
INFO: Run Behavior\WriteHtmlCacheBehavior [ RunTime:0.000150s ]
INFO: [ view_filter ] --END-- [ RunTime:0.000199s ]
INFO: [ app_end ] --START--
INFO: Run Behavior\ShowPageTraceBehavior [ RunTime:0.000143s ]
INFO: [ app_end ] --END-- [ RunTime:0.000193s ]

[ 2016-08-31T00:06:18+08:00 ] 114.249.222.97 /artcontent/id/lib/htmlbox/htmlbox.colors.js
INFO: [ app_init ] --START--
INFO: Run Behavior\BuildLiteBehavior [ RunTime:0.000015s ]
INFO: [ app_init ] --END-- [ RunTime:0.000097s ]
INFO: [ app_begin ] --START--
INFO: Run Behavior\ReadHtmlCacheBehavior [ RunTime:0.000070s ]
INFO: [ app_begin ] --END-- [ RunTime:0.000121s ]
ERR: 1054:Unknown column 'lib' in 'where clause'
 [ SQL语句 ] : SELECT * FROM article a left join personal p on a.user_id=p.user_id  WHERE ( article_id=lib ) LIMIT 1  
ERR: 1054:Unknown column 'lib' in 'where clause'
 [ SQL语句 ] : SELECT * FROM article a left join personal p on a.user_id=p.user_id  WHERE ( article_id=lib ) LIMIT 1  

[ 2016-08-31T00:06:18+08:00 ] 114.249.222.97 /artcontent/id/lib/htmlbox/htmlbox.undoredomanager.js
INFO: [ app_init ] --START--
INFO: Run Behavior\BuildLiteBehavior [ RunTime:0.000014s ]
INFO: [ app_init ] --END-- [ RunTime:0.000093s ]
INFO: [ app_begin ] --START--
INFO: Run Behavior\ReadHtmlCacheBehavior [ RunTime:0.000150s ]
INFO: [ app_begin ] --END-- [ RunTime:0.000208s ]
ERR: 1054:Unknown column 'lib' in 'where clause'
 [ SQL语句 ] : SELECT * FROM article a left join personal p on a.user_id=p.user_id  WHERE ( article_id=lib ) LIMIT 1  
ERR: 1054:Unknown column 'lib' in 'where clause'
 [ SQL语句 ] : SELECT * FROM article a left join personal p on a.user_id=p.user_id  WHERE ( article_id=lib ) LIMIT 1  

[ 2016-08-31T00:06:18+08:00 ] 114.249.222.97 /artcontent/id/lib/htmlbox/htmlbox.syntax.js
INFO: [ app_init ] --START--
INFO: Run Behavior\BuildLiteBehavior [ RunTime:0.000014s ]
INFO: [ app_init ] --END-- [ RunTime:0.000098s ]
INFO: [ app_begin ] --START--
INFO: Run Behavior\ReadHtmlCacheBehavior [ RunTime:0.000270s ]
INFO: [ app_begin ] --END-- [ RunTime:0.000380s ]
ERR: 1054:Unknown column 'lib' in 'where clause'
 [ SQL语句 ] : SELECT * FROM article a left join personal p on a.user_id=p.user_id  WHERE ( article_id=lib ) LIMIT 1  
ERR: 1054:Unknown column 'lib' in 'where clause'
 [ SQL语句 ] : SELECT * FROM article a left join personal p on a.user_id=p.user_id  WHERE ( article_id=lib ) LIMIT 1  

[ 2016-08-31T00:06:18+08:00 ] 114.249.222.97 /artcontent/id/lib/jquery-1.8.3.min.js
INFO: [ app_init ] --START--
INFO: Run Behavior\BuildLiteBehavior [ RunTime:0.000013s ]
INFO: [ app_init ] --END-- [ RunTime:0.000089s ]
INFO: [ app_begin ] --START--
INFO: Run Behavior\ReadHtmlCacheBehavior [ RunTime:0.000079s ]
INFO: [ app_begin ] --END-- [ RunTime:0.000128s ]
ERR: 1054:Unknown column 'lib' in 'where clause'
 [ SQL语句 ] : SELECT * FROM article a left join personal p on a.user_id=p.user_id  WHERE ( article_id=lib ) LIMIT 1  
ERR: 1054:Unknown column 'lib' in 'where clause'
 [ SQL语句 ] : SELECT * FROM article a left join personal p on a.user_id=p.user_id  WHERE ( article_id=lib ) LIMIT 1  

[ 2016-08-31T00:06:18+08:00 ] 114.249.222.97 /artcontent/id/lib/htmlbox/htmlbox.min.js
INFO: [ app_init ] --START--
INFO: Run Behavior\BuildLiteBehavior [ RunTime:0.000017s ]
INFO: [ app_init ] --END-- [ RunTime:0.000117s ]
INFO: [ app_begin ] --START--
INFO: Run Behavior\ReadHtmlCacheBehavior [ RunTime:0.000092s ]
INFO: [ app_begin ] --END-- [ RunTime:0.000168s ]
ERR: 1054:Unknown column 'lib' in 'where clause'
 [ SQL语句 ] : SELECT * FROM article a left join personal p on a.user_id=p.user_id  WHERE ( article_id=lib ) LIMIT 1  
ERR: 1054:Unknown column 'lib' in 'where clause'
 [ SQL语句 ] : SELECT * FROM article a left join personal p on a.user_id=p.user_id  WHERE ( article_id=lib ) LIMIT 1  

[ 2016-08-31T00:06:18+08:00 ] 114.249.222.97 /artcontent/id/lib/htmlbox/htmlbox.styles.js
INFO: [ app_init ] --START--
INFO: Run Behavior\BuildLiteBehavior [ RunTime:0.000017s ]
INFO: [ app_init ] --END-- [ RunTime:0.000112s ]
INFO: [ app_begin ] --START--
INFO: Run Behavior\ReadHtmlCacheBehavior [ RunTime:0.000081s ]
INFO: [ app_begin ] --END-- [ RunTime:0.000136s ]
ERR: 1054:Unknown column 'lib' in 'where clause'
 [ SQL语句 ] : SELECT * FROM article a left join personal p on a.user_id=p.user_id  WHERE ( article_id=lib ) LIMIT 1  
ERR: 1054:Unknown column 'lib' in 'where clause'
 [ SQL语句 ] : SELECT * FROM article a left join personal p on a.user_id=p.user_id  WHERE ( article_id=lib ) LIMIT 1  

[ 2016-08-31T00:06:19+08:00 ] 114.249.222.97 /artcontent/id/lib/htmlbox/htmlbox.colors.js
INFO: [ app_init ] --START--
INFO: Run Behavior\BuildLiteBehavior [ RunTime:0.000022s ]
INFO: [ app_init ] --END-- [ RunTime:0.000160s ]
INFO: [ app_begin ] --START--
INFO: Run Behavior\ReadHtmlCacheBehavior [ RunTime:0.000109s ]
INFO: [ app_begin ] --END-- [ RunTime:0.000218s ]
ERR: 1054:Unknown column 'lib' in 'where clause'
 [ SQL语句 ] : SELECT * FROM article a left join personal p on a.user_id=p.user_id  WHERE ( article_id=lib ) LIMIT 1  
ERR: 1054:Unknown column 'lib' in 'where clause'
 [ SQL语句 ] : SELECT * FROM article a left join personal p on a.user_id=p.user_id  WHERE ( article_id=lib ) LIMIT 1  

[ 2016-08-31T00:06:20+08:00 ] 114.249.222.97 /artcontent/id/lib/htmlbox/htmlbox.styles.js
INFO: [ app_init ] --START--
INFO: Run Behavior\BuildLiteBehavior [ RunTime:0.000015s ]
INFO: [ app_init ] --END-- [ RunTime:0.000111s ]
INFO: [ app_begin ] --START--
INFO: Run Behavior\ReadHtmlCacheBehavior [ RunTime:0.000082s ]
INFO: [ app_begin ] --END-- [ RunTime:0.000143s ]
ERR: 1054:Unknown column 'lib' in 'where clause'
 [ SQL语句 ] : SELECT * FROM article a left join personal p on a.user_id=p.user_id  WHERE ( article_id=lib ) LIMIT 1  
ERR: 1054:Unknown column 'lib' in 'where clause'
 [ SQL语句 ] : SELECT * FROM article a left join personal p on a.user_id=p.user_id  WHERE ( article_id=lib ) LIMIT 1  

[ 2016-08-31T00:06:21+08:00 ] 114.249.222.97 /artcontent/id/lib/htmlbox/htmlbox.syntax.js
INFO: [ app_init ] --START--
INFO: Run Behavior\BuildLiteBehavior [ RunTime:0.000021s ]
INFO: [ app_init ] --END-- [ RunTime:0.000115s ]
INFO: [ app_begin ] --START--
INFO: Run Behavior\ReadHtmlCacheBehavior [ RunTime:0.000080s ]
INFO: [ app_begin ] --END-- [ RunTime:0.000140s ]
ERR: 1054:Unknown column 'lib' in 'where clause'
 [ SQL语句 ] : SELECT * FROM article a left join personal p on a.user_id=p.user_id  WHERE ( article_id=lib ) LIMIT 1  
ERR: 1054:Unknown column 'lib' in 'where clause'
 [ SQL语句 ] : SELECT * FROM article a left join personal p on a.user_id=p.user_id  WHERE ( article_id=lib ) LIMIT 1  

[ 2016-08-31T00:06:23+08:00 ] 114.249.222.97 /artcontent/id/lib/htmlbox/htmlbox.min.js
INFO: [ app_init ] --START--
INFO: Run Behavior\BuildLiteBehavior [ RunTime:0.000016s ]
INFO: [ app_init ] --END-- [ RunTime:0.000107s ]
INFO: [ app_begin ] --START--
INFO: Run Behavior\ReadHtmlCacheBehavior [ RunTime:0.000081s ]
INFO: [ app_begin ] --END-- [ RunTime:0.000140s ]
ERR: 1054:Unknown column 'lib' in 'where clause'
 [ SQL语句 ] : SELECT * FROM article a left join personal p on a.user_id=p.user_id  WHERE ( article_id=lib ) LIMIT 1  
ERR: 1054:Unknown column 'lib' in 'where clause'
 [ SQL语句 ] : SELECT * FROM article a left join personal p on a.user_id=p.user_id  WHERE ( article_id=lib ) LIMIT 1  

[ 2016-08-31T00:19:39+08:00 ] 114.249.222.97 /articleList.html
INFO: [ app_init ] --START--
INFO: Run Behavior\BuildLiteBehavior [ RunTime:0.000017s ]
INFO: [ app_init ] --END-- [ RunTime:0.000733s ]
INFO: [ app_begin ] --START--
INFO: Run Behavior\ReadHtmlCacheBehavior [ RunTime:0.000970s ]
INFO: [ app_begin ] --END-- [ RunTime:0.001040s ]
SQL: SELECT art.article_id,art.user_id,art.title,art.summary,art.add_time,p.nickname,c.cate_title,count(a.article_id) browse_number FROM article art left join personal p using(user_id) left join category c using(cate_id) left join answer a using(article_id)  GROUP BY a.article_id ORDER BY art.add_time desc  [ RunTime:0.0021s ]
INFO: [ view_parse ] --START--
INFO: [ template_filter ] --START--
INFO: Run Behavior\ContentReplaceBehavior [ RunTime:0.000107s ]
INFO: [ template_filter ] --END-- [ RunTime:0.000169s ]
INFO: Run Behavior\ParseTemplateBehavior [ RunTime:0.029995s ]
INFO: [ view_parse ] --END-- [ RunTime:0.030057s ]
INFO: [ view_filter ] --START--
INFO: Run Behavior\WriteHtmlCacheBehavior [ RunTime:0.000411s ]
INFO: [ view_filter ] --END-- [ RunTime:0.000467s ]
INFO: [ app_end ] --START--
INFO: Run Behavior\ShowPageTraceBehavior [ RunTime:0.001054s ]
INFO: [ app_end ] --END-- [ RunTime:0.001110s ]

[ 2016-08-31T00:19:39+08:00 ] 114.249.222.97 /lib/jquery-1.8.3.min.js
INFO: [ app_init ] --START--
INFO: Run Behavior\BuildLiteBehavior [ RunTime:0.000017s ]
INFO: [ app_init ] --END-- [ RunTime:0.000106s ]
INFO: [ app_begin ] --START--
INFO: Run Behavior\ReadHtmlCacheBehavior [ RunTime:0.000088s ]
INFO: [ app_begin ] --END-- [ RunTime:0.000156s ]
ERR: 无法加载控制器:Lib

[ 2016-08-31T00:19:39+08:00 ] 114.249.222.97 /lib/htmlbox/htmlbox.colors.js
INFO: [ app_init ] --START--
INFO: Run Behavior\BuildLiteBehavior [ RunTime:0.000017s ]
INFO: [ app_init ] --END-- [ RunTime:0.000108s ]
INFO: [ app_begin ] --START--
INFO: Run Behavior\ReadHtmlCacheBehavior [ RunTime:0.000087s ]
INFO: [ app_begin ] --END-- [ RunTime:0.000151s ]
ERR: 无法加载控制器:Lib

[ 2016-08-31T00:19:41+08:00 ] 114.249.222.97 /articleList.html
INFO: [ app_init ] --START--
INFO: Run Behavior\BuildLiteBehavior [ RunTime:0.000016s ]
INFO: [ app_init ] --END-- [ RunTime:0.000108s ]
INFO: [ app_begin ] --START--
INFO: Run Behavior\ReadHtmlCacheBehavior [ RunTime:0.000085s ]
INFO: [ app_begin ] --END-- [ RunTime:0.000152s ]
SQL: SELECT art.article_id,art.user_id,art.title,art.summary,art.add_time,p.nickname,c.cate_title,count(a.article_id) browse_number FROM article art left join personal p using(user_id) left join category c using(cate_id) left join answer a using(article_id)  GROUP BY a.article_id ORDER BY art.add_time desc  [ RunTime:0.0009s ]
INFO: [ view_parse ] --START--
INFO: [ template_filter ] --START--
INFO: Run Behavior\ContentReplaceBehavior [ RunTime:0.000093s ]
INFO: [ template_filter ] --END-- [ RunTime:0.000153s ]
INFO: Run Behavior\ParseTemplateBehavior [ RunTime:0.009035s ]
INFO: [ view_parse ] --END-- [ RunTime:0.009102s ]
INFO: [ view_filter ] --START--
INFO: Run Behavior\WriteHtmlCacheBehavior [ RunTime:0.000080s ]
INFO: [ view_filter ] --END-- [ RunTime:0.000129s ]
INFO: [ app_end ] --START--
INFO: Run Behavior\ShowPageTraceBehavior [ RunTime:0.000077s ]
INFO: [ app_end ] --END-- [ RunTime:0.000126s ]

[ 2016-08-31T00:19:42+08:00 ] 114.249.222.97 /lib/jquery-1.8.3.min.js
INFO: [ app_init ] --START--
INFO: Run Behavior\BuildLiteBehavior [ RunTime:0.000016s ]
INFO: [ app_init ] --END-- [ RunTime:0.000110s ]
INFO: [ app_begin ] --START--
INFO: Run Behavior\ReadHtmlCacheBehavior [ RunTime:0.000086s ]
INFO: [ app_begin ] --END-- [ RunTime:0.000154s ]
ERR: 无法加载控制器:Lib

[ 2016-08-31T00:19:42+08:00 ] 114.249.222.97 /lib/htmlbox/htmlbox.colors.js
INFO: [ app_init ] --START--
INFO: Run Behavior\BuildLiteBehavior [ RunTime:0.000016s ]
INFO: [ app_init ] --END-- [ RunTime:0.000125s ]
INFO: [ app_begin ] --START--
INFO: Run Behavior\ReadHtmlCacheBehavior [ RunTime:0.000165s ]
INFO: [ app_begin ] --END-- [ RunTime:0.000228s ]
ERR: 无法加载控制器:Lib

[ 2016-08-31T00:19:45+08:00 ] 114.249.222.97 /articleAdd.html
INFO: [ app_init ] --START--
INFO: Run Behavior\BuildLiteBehavior [ RunTime:0.000013s ]
INFO: [ app_init ] --END-- [ RunTime:0.000090s ]
INFO: [ app_begin ] --START--
INFO: Run Behavior\ReadHtmlCacheBehavior [ RunTime:0.000067s ]
INFO: [ app_begin ] --END-- [ RunTime:0.000114s ]
SQL: SELECT * FROM `category`  [ RunTime:0.0003s ]
INFO: [ view_parse ] --START--
INFO: [ template_filter ] --START--
INFO: Run Behavior\ContentReplaceBehavior [ RunTime:0.000094s ]
INFO: [ template_filter ] --END-- [ RunTime:0.000151s ]
INFO: Run Behavior\ParseTemplateBehavior [ RunTime:0.018282s ]
INFO: [ view_parse ] --END-- [ RunTime:0.018339s ]
INFO: [ view_filter ] --START--
INFO: Run Behavior\WriteHtmlCacheBehavior [ RunTime:0.000127s ]
INFO: [ view_filter ] --END-- [ RunTime:0.000169s ]
INFO: [ app_end ] --START--
INFO: Run Behavior\ShowPageTraceBehavior [ RunTime:0.000112s ]
INFO: [ app_end ] --END-- [ RunTime:0.000153s ]

[ 2016-08-31T00:21:19+08:00 ] 114.249.222.97 /articleAdd.html
INFO: [ app_init ] --START--
INFO: Run Behavior\BuildLiteBehavior [ RunTime:0.000017s ]
INFO: [ app_init ] --END-- [ RunTime:0.000185s ]
INFO: [ app_begin ] --START--
INFO: Run Behavior\ReadHtmlCacheBehavior [ RunTime:0.000104s ]
INFO: [ app_begin ] --END-- [ RunTime:0.000167s ]
SQL: SELECT * FROM `category`  [ RunTime:0.0004s ]
INFO: [ view_parse ] --START--
INFO: [ template_filter ] --START--
INFO: Run Behavior\ContentReplaceBehavior [ RunTime:0.000091s ]
INFO: [ template_filter ] --END-- [ RunTime:0.000154s ]
INFO: Run Behavior\ParseTemplateBehavior [ RunTime:0.008233s ]
INFO: [ view_parse ] --END-- [ RunTime:0.008299s ]
INFO: [ view_filter ] --START--
INFO: Run Behavior\WriteHtmlCacheBehavior [ RunTime:0.000103s ]
INFO: [ view_filter ] --END-- [ RunTime:0.000151s ]
INFO: [ app_end ] --START--
INFO: Run Behavior\ShowPageTraceBehavior [ RunTime:0.000100s ]
INFO: [ app_end ] --END-- [ RunTime:0.000149s ]

[ 2016-08-31T00:21:25+08:00 ] 114.249.222.97 /articleAdd.html
INFO: [ app_init ] --START--
INFO: Run Behavior\BuildLiteBehavior [ RunTime:0.000017s ]
INFO: [ app_init ] --END-- [ RunTime:0.000111s ]
INFO: [ app_begin ] --START--
INFO: Run Behavior\ReadHtmlCacheBehavior [ RunTime:0.000081s ]
INFO: [ app_begin ] --END-- [ RunTime:0.000144s ]
SQL: SELECT * FROM `category`  [ RunTime:0.0004s ]
INFO: [ view_parse ] --START--
INFO: [ template_filter ] --START--
INFO: Run Behavior\ContentReplaceBehavior [ RunTime:0.000091s ]
INFO: [ template_filter ] --END-- [ RunTime:0.000153s ]
INFO: Run Behavior\ParseTemplateBehavior [ RunTime:0.007910s ]
INFO: [ view_parse ] --END-- [ RunTime:0.007976s ]
INFO: [ view_filter ] --START--
INFO: Run Behavior\WriteHtmlCacheBehavior [ RunTime:0.000082s ]
INFO: [ view_filter ] --END-- [ RunTime:0.000130s ]
INFO: [ app_end ] --START--
INFO: Run Behavior\ShowPageTraceBehavior [ RunTime:0.000101s ]
INFO: [ app_end ] --END-- [ RunTime:0.000151s ]

[ 2016-08-31T00:21:32+08:00 ] 114.249.222.97 /articleAdd.html
INFO: [ app_init ] --START--
INFO: Run Behavior\BuildLiteBehavior [ RunTime:0.000017s ]
INFO: [ app_init ] --END-- [ RunTime:0.000126s ]
INFO: [ app_begin ] --START--
INFO: Run Behavior\ReadHtmlCacheBehavior [ RunTime:0.000081s ]
INFO: [ app_begin ] --END-- [ RunTime:0.000142s ]
SQL: SELECT * FROM `category`  [ RunTime:0.0004s ]
INFO: [ view_parse ] --START--
INFO: [ template_filter ] --START--
INFO: Run Behavior\ContentReplaceBehavior [ RunTime:0.000092s ]
INFO: [ template_filter ] --END-- [ RunTime:0.000152s ]
INFO: Run Behavior\ParseTemplateBehavior [ RunTime:0.007754s ]
INFO: [ view_parse ] --END-- [ RunTime:0.007820s ]
INFO: [ view_filter ] --START--
INFO: Run Behavior\WriteHtmlCacheBehavior [ RunTime:0.000081s ]
INFO: [ view_filter ] --END-- [ RunTime:0.000127s ]
INFO: [ app_end ] --START--
INFO: Run Behavior\ShowPageTraceBehavior [ RunTime:0.000077s ]
INFO: [ app_end ] --END-- [ RunTime:0.000125s ]

[ 2016-08-31T00:21:37+08:00 ] 114.249.222.97 /articleAdd.html
INFO: [ app_init ] --START--
INFO: Run Behavior\BuildLiteBehavior [ RunTime:0.000017s ]
INFO: [ app_init ] --END-- [ RunTime:0.000110s ]
INFO: [ app_begin ] --START--
INFO: Run Behavior\ReadHtmlCacheBehavior [ RunTime:0.000081s ]
INFO: [ app_begin ] --END-- [ RunTime:0.000143s ]
SQL: SELECT * FROM `category`  [ RunTime:0.0004s ]
INFO: [ view_parse ] --START--
INFO: [ template_filter ] --START--
INFO: Run Behavior\ContentReplaceBehavior [ RunTime:0.000092s ]
INFO: [ template_filter ] --END-- [ RunTime:0.000155s ]
INFO: Run Behavior\ParseTemplateBehavior [ RunTime:0.008027s ]
INFO: [ view_parse ] --END-- [ RunTime:0.008093s ]
INFO: [ view_filter ] --START--
INFO: Run Behavior\WriteHtmlCacheBehavior [ RunTime:0.000081s ]
INFO: [ view_filter ] --END-- [ RunTime:0.000127s ]
INFO: [ app_end ] --START--
INFO: Run Behavior\ShowPageTraceBehavior [ RunTime:0.000077s ]
INFO: [ app_end ] --END-- [ RunTime:0.000126s ]

[ 2016-08-31T00:21:57+08:00 ] 114.249.222.97 /articleAdd.html
INFO: [ app_init ] --START--
INFO: Run Behavior\BuildLiteBehavior [ RunTime:0.000017s ]
INFO: [ app_init ] --END-- [ RunTime:0.000114s ]
INFO: [ app_begin ] --START--
INFO: Run Behavior\ReadHtmlCacheBehavior [ RunTime:0.000166s ]
INFO: [ app_begin ] --END-- [ RunTime:0.000229s ]
SQL: SELECT * FROM `category`  [ RunTime:0.0003s ]
INFO: [ view_parse ] --START--
INFO: [ template_filter ] --START--
INFO: Run Behavior\ContentReplaceBehavior [ RunTime:0.000093s ]
INFO: [ template_filter ] --END-- [ RunTime:0.000155s ]
INFO: Run Behavior\ParseTemplateBehavior [ RunTime:0.008453s ]
INFO: [ view_parse ] --END-- [ RunTime:0.008520s ]
INFO: [ view_filter ] --START--
INFO: Run Behavior\WriteHtmlCacheBehavior [ RunTime:0.000135s ]
INFO: [ view_filter ] --END-- [ RunTime:0.000186s ]
INFO: [ app_end ] --START--
INFO: Run Behavior\ShowPageTraceBehavior [ RunTime:0.000128s ]
INFO: [ app_end ] --END-- [ RunTime:0.000179s ]

[ 2016-08-31T00:22:25+08:00 ] 114.249.222.97 /articleAdd.html
INFO: [ app_init ] --START--
INFO: Run Behavior\BuildLiteBehavior [ RunTime:0.000018s ]
INFO: [ app_init ] --END-- [ RunTime:0.000141s ]
INFO: [ app_begin ] --START--
INFO: Run Behavior\ReadHtmlCacheBehavior [ RunTime:0.000101s ]
INFO: [ app_begin ] --END-- [ RunTime:0.000161s ]
SQL: SELECT * FROM `category`  [ RunTime:0.0007s ]
INFO: [ view_parse ] --START--
INFO: [ template_filter ] --START--
INFO: Run Behavior\ContentReplaceBehavior [ RunTime:0.000091s ]
INFO: [ template_filter ] --END-- [ RunTime:0.000151s ]
INFO: Run Behavior\ParseTemplateBehavior [ RunTime:0.007990s ]
INFO: [ view_parse ] --END-- [ RunTime:0.008060s ]
INFO: [ view_filter ] --START--
INFO: Run Behavior\WriteHtmlCacheBehavior [ RunTime:0.000109s ]
INFO: [ view_filter ] --END-- [ RunTime:0.000159s ]
INFO: [ app_end ] --START--
INFO: Run Behavior\ShowPageTraceBehavior [ RunTime:0.000098s ]
INFO: [ app_end ] --END-- [ RunTime:0.000147s ]

[ 2016-08-31T00:22:47+08:00 ] 114.249.222.97 /articleAdd.html
INFO: [ app_init ] --START--
INFO: Run Behavior\BuildLiteBehavior [ RunTime:0.000017s ]
INFO: [ app_init ] --END-- [ RunTime:0.000109s ]
INFO: [ app_begin ] --START--
INFO: Run Behavior\ReadHtmlCacheBehavior [ RunTime:0.000109s ]
INFO: [ app_begin ] --END-- [ RunTime:0.000174s ]
SQL: SELECT * FROM `category`  [ RunTime:0.0004s ]
INFO: [ view_parse ] --START--
INFO: [ template_filter ] --START--
INFO: Run Behavior\ContentReplaceBehavior [ RunTime:0.000094s ]
INFO: [ template_filter ] --END-- [ RunTime:0.000156s ]
INFO: Run Behavior\ParseTemplateBehavior [ RunTime:0.007908s ]
INFO: [ view_parse ] --END-- [ RunTime:0.007974s ]
INFO: [ view_filter ] --START--
INFO: Run Behavior\WriteHtmlCacheBehavior [ RunTime:0.000082s ]
INFO: [ view_filter ] --END-- [ RunTime:0.000130s ]
INFO: [ app_end ] --START--
INFO: Run Behavior\ShowPageTraceBehavior [ RunTime:0.000079s ]
INFO: [ app_end ] --END-- [ RunTime:0.000128s ]

[ 2016-08-31T00:23:05+08:00 ] 114.249.222.97 /articleList.html
INFO: [ app_init ] --START--
INFO: Run Behavior\BuildLiteBehavior [ RunTime:0.000016s ]
INFO: [ app_init ] --END-- [ RunTime:0.000114s ]
INFO: [ app_begin ] --START--
INFO: Run Behavior\ReadHtmlCacheBehavior [ RunTime:0.000083s ]
INFO: [ app_begin ] --END-- [ RunTime:0.000141s ]
SQL: SELECT art.article_id,art.user_id,art.title,art.summary,art.add_time,p.nickname,c.cate_title,count(a.article_id) browse_number FROM article art left join personal p using(user_id) left join category c using(cate_id) left join answer a using(article_id)  GROUP BY a.article_id ORDER BY art.add_time desc  [ RunTime:0.0017s ]
INFO: [ view_parse ] --START--
INFO: [ template_filter ] --START--
INFO: Run Behavior\ContentReplaceBehavior [ RunTime:0.000093s ]
INFO: [ template_filter ] --END-- [ RunTime:0.000155s ]
INFO: Run Behavior\ParseTemplateBehavior [ RunTime:0.009135s ]
INFO: [ view_parse ] --END-- [ RunTime:0.009203s ]
INFO: [ view_filter ] --START--
INFO: Run Behavior\WriteHtmlCacheBehavior [ RunTime:0.000083s ]
INFO: [ view_filter ] --END-- [ RunTime:0.000130s ]
INFO: [ app_end ] --START--
INFO: Run Behavior\ShowPageTraceBehavior [ RunTime:0.000082s ]
INFO: [ app_end ] --END-- [ RunTime:0.000130s ]

[ 2016-08-31T00:23:05+08:00 ] 114.249.222.97 /lib/jquery-1.8.3.min.js
INFO: [ app_init ] --START--
INFO: Run Behavior\BuildLiteBehavior [ RunTime:0.000017s ]
INFO: [ app_init ] --END-- [ RunTime:0.000107s ]
INFO: [ app_begin ] --START--
INFO: Run Behavior\ReadHtmlCacheBehavior [ RunTime:0.000082s ]
INFO: [ app_begin ] --END-- [ RunTime:0.000142s ]
ERR: 无法加载控制器:Lib

[ 2016-08-31T00:23:05+08:00 ] 114.249.222.97 /lib/htmlbox/htmlbox.colors.js
INFO: [ app_init ] --START--
INFO: Run Behavior\BuildLiteBehavior [ RunTime:0.000015s ]
INFO: [ app_init ] --END-- [ RunTime:0.000099s ]
INFO: [ app_begin ] --START--
INFO: Run Behavior\ReadHtmlCacheBehavior [ RunTime:0.000078s ]
INFO: [ app_begin ] --END-- [ RunTime:0.000134s ]
ERR: 无法加载控制器:Lib

[ 2016-08-31T00:23:07+08:00 ] 114.249.222.97 /lib/htmlbox/htmlbox.colors.js
INFO: [ app_init ] --START--
INFO: Run Behavior\BuildLiteBehavior [ RunTime:0.000016s ]
INFO: [ app_init ] --END-- [ RunTime:0.000108s ]
INFO: [ app_begin ] --START--
INFO: Run Behavior\ReadHtmlCacheBehavior [ RunTime:0.000081s ]
INFO: [ app_begin ] --END-- [ RunTime:0.000139s ]
ERR: 无法加载控制器:Lib

[ 2016-08-31T00:23:07+08:00 ] 114.249.222.97 /articleAdd.html
INFO: [ app_init ] --START--
INFO: Run Behavior\BuildLiteBehavior [ RunTime:0.000017s ]
INFO: [ app_init ] --END-- [ RunTime:0.000108s ]
INFO: [ app_begin ] --START--
INFO: Run Behavior\ReadHtmlCacheBehavior [ RunTime:0.000082s ]
INFO: [ app_begin ] --END-- [ RunTime:0.000141s ]
SQL: SELECT * FROM `category`  [ RunTime:0.0004s ]
INFO: [ view_parse ] --START--
INFO: [ template_filter ] --START--
INFO: Run Behavior\ContentReplaceBehavior [ RunTime:0.000091s ]
INFO: [ template_filter ] --END-- [ RunTime:0.000153s ]
INFO: Run Behavior\ParseTemplateBehavior [ RunTime:0.008045s ]
INFO: [ view_parse ] --END-- [ RunTime:0.008110s ]
INFO: [ view_filter ] --START--
INFO: Run Behavior\WriteHtmlCacheBehavior [ RunTime:0.000081s ]
INFO: [ view_filter ] --END-- [ RunTime:0.000129s ]
INFO: [ app_end ] --START--
INFO: Run Behavior\ShowPageTraceBehavior [ RunTime:0.000077s ]
INFO: [ app_end ] --END-- [ RunTime:0.000125s ]

[ 2016-08-31T00:24:09+08:00 ] 114.249.222.97 /articleAdd.html
INFO: [ app_init ] --START--
INFO: Run Behavior\BuildLiteBehavior [ RunTime:0.000017s ]
INFO: [ app_init ] --END-- [ RunTime:0.000185s ]
INFO: [ app_begin ] --START--
INFO: Run Behavior\ReadHtmlCacheBehavior [ RunTime:0.000146s ]
INFO: [ app_begin ] --END-- [ RunTime:0.000209s ]
SQL: SELECT * FROM `category`  [ RunTime:0.0004s ]
INFO: [ view_parse ] --START--
INFO: [ template_filter ] --START--
INFO: Run Behavior\ContentReplaceBehavior [ RunTime:0.000091s ]
INFO: [ template_filter ] --END-- [ RunTime:0.000153s ]
INFO: Run Behavior\ParseTemplateBehavior [ RunTime:0.008678s ]
INFO: [ view_parse ] --END-- [ RunTime:0.008748s ]
INFO: [ view_filter ] --START--
INFO: Run Behavior\WriteHtmlCacheBehavior [ RunTime:0.000166s ]
INFO: [ view_filter ] --END-- [ RunTime:0.000219s ]
INFO: [ app_end ] --START--
INFO: Run Behavior\ShowPageTraceBehavior [ RunTime:0.000152s ]
INFO: [ app_end ] --END-- [ RunTime:0.000204s ]

[ 2016-08-31T01:28:55+08:00 ] 106.39.189.41 /
INFO: [ app_init ] --START--
INFO: Run Behavior\BuildLiteBehavior [ RunTime:0.000017s ]
INFO: [ app_init ] --END-- [ RunTime:0.000741s ]
INFO: [ app_begin ] --START--
INFO: Run Behavior\ReadHtmlCacheBehavior [ RunTime:0.001005s ]
INFO: [ app_begin ] --END-- [ RunTime:0.001081s ]
SQL: SELECT art.article_id,art.user_id,art.title,art.summary,art.add_time,p.nickname,c.cate_title,count(a.article_id) browse_number FROM article art left join personal p using(user_id) left join category c using(cate_id) left join answer a using(article_id)  GROUP BY a.article_id ORDER BY browse_number desc LIMIT 20   [ RunTime:0.0025s ]
INFO: [ view_parse ] --START--
INFO: [ template_filter ] --START--
INFO: Run Behavior\ContentReplaceBehavior [ RunTime:0.000123s ]
INFO: [ template_filter ] --END-- [ RunTime:0.000189s ]
INFO: Run Behavior\ParseTemplateBehavior [ RunTime:0.030539s ]
INFO: [ view_parse ] --END-- [ RunTime:0.030604s ]
INFO: [ view_filter ] --START--
INFO: Run Behavior\WriteHtmlCacheBehavior [ RunTime:0.000451s ]
INFO: [ view_filter ] --END-- [ RunTime:0.000507s ]
INFO: [ app_end ] --START--
INFO: Run Behavior\ShowPageTraceBehavior [ RunTime:0.001106s ]
INFO: [ app_end ] --END-- [ RunTime:0.001164s ]

[ 2016-08-31T01:28:55+08:00 ] 106.39.189.41 /lib/jquery-1.8.3.min.js
INFO: [ app_init ] --START--
INFO: Run Behavior\BuildLiteBehavior [ RunTime:0.000016s ]
INFO: [ app_init ] --END-- [ RunTime:0.000105s ]
INFO: [ app_begin ] --START--
INFO: Run Behavior\ReadHtmlCacheBehavior [ RunTime:0.000084s ]
INFO: [ app_begin ] --END-- [ RunTime:0.000144s ]
ERR: 无法加载控制器:Lib

[ 2016-08-31T01:28:55+08:00 ] 106.39.189.41 /js/nav.js
INFO: [ app_init ] --START--
INFO: Run Behavior\BuildLiteBehavior [ RunTime:0.000016s ]
INFO: [ app_init ] --END-- [ RunTime:0.000104s ]
INFO: [ app_begin ] --START--
INFO: Run Behavior\ReadHtmlCacheBehavior [ RunTime:0.000080s ]
INFO: [ app_begin ] --END-- [ RunTime:0.000139s ]
ERR: 无法加载控制器:Js

[ 2016-08-31T01:28:55+08:00 ] 106.39.189.41 /lib/htmlbox/htmlbox.colors.js
INFO: [ app_init ] --START--
INFO: Run Behavior\BuildLiteBehavior [ RunTime:0.000017s ]
INFO: [ app_init ] --END-- [ RunTime:0.000123s ]
INFO: [ app_begin ] --START--
INFO: Run Behavior\ReadHtmlCacheBehavior [ RunTime:0.000163s ]
INFO: [ app_begin ] --END-- [ RunTime:0.000225s ]
ERR: 无法加载控制器:Lib

[ 2016-08-31T01:28:57+08:00 ] 103.207.230.103 /favicon.ico
INFO: [ app_init ] --START--
INFO: Run Behavior\BuildLiteBehavior [ RunTime:0.000016s ]
INFO: [ app_init ] --END-- [ RunTime:0.000107s ]

[ 2016-08-31T01:33:51+08:00 ] 42.156.138.75 /
INFO: [ app_init ] --START--
INFO: Run Behavior\BuildLiteBehavior [ RunTime:0.000017s ]
INFO: [ app_init ] --END-- [ RunTime:0.000183s ]
INFO: [ app_begin ] --START--
INFO: Run Behavior\ReadHtmlCacheBehavior [ RunTime:0.000148s ]
INFO: [ app_begin ] --END-- [ RunTime:0.000210s ]
SQL: SELECT art.article_id,art.user_id,art.title,art.summary,art.add_time,p.nickname,c.cate_title,count(a.article_id) browse_number FROM article art left join personal p using(user_id) left join category c using(cate_id) left join answer a using(article_id)  GROUP BY a.article_id ORDER BY browse_number desc LIMIT 20   [ RunTime:0.0009s ]
INFO: [ view_parse ] --START--
INFO: [ template_filter ] --START--
INFO: Run Behavior\ContentReplaceBehavior [ RunTime:0.000116s ]
INFO: [ template_filter ] --END-- [ RunTime:0.000179s ]
INFO: Run Behavior\ParseTemplateBehavior [ RunTime:0.023506s ]
INFO: [ view_parse ] --END-- [ RunTime:0.023578s ]
INFO: [ view_filter ] --START--
INFO: Run Behavior\WriteHtmlCacheBehavior [ RunTime:0.000171s ]
INFO: [ view_filter ] --END-- [ RunTime:0.000222s ]
INFO: [ app_end ] --START--
INFO: Run Behavior\ShowPageTraceBehavior [ RunTime:0.000159s ]
INFO: [ app_end ] --END-- [ RunTime:0.000210s ]

[ 2016-08-31T01:40:16+08:00 ] 103.207.230.103 /
INFO: [ app_init ] --START--
INFO: Run Behavior\BuildLiteBehavior [ RunTime:0.000017s ]
INFO: [ app_init ] --END-- [ RunTime:0.000186s ]
INFO: [ app_begin ] --START--
INFO: Run Behavior\ReadHtmlCacheBehavior [ RunTime:0.000150s ]
INFO: [ app_begin ] --END-- [ RunTime:0.000210s ]
SQL: SELECT art.article_id,art.user_id,art.title,art.summary,art.add_time,p.nickname,c.cate_title,count(a.article_id) browse_number FROM article art left join personal p using(user_id) left join category c using(cate_id) left join answer a using(article_id)  GROUP BY a.article_id ORDER BY browse_number desc LIMIT 20   [ RunTime:0.0009s ]
INFO: [ view_parse ] --START--
INFO: [ template_filter ] --START--
INFO: Run Behavior\ContentReplaceBehavior [ RunTime:0.000100s ]
INFO: [ template_filter ] --END-- [ RunTime:0.000161s ]
INFO: Run Behavior\ParseTemplateBehavior [ RunTime:0.010039s ]
INFO: [ view_parse ] --END-- [ RunTime:0.010110s ]
INFO: [ view_filter ] --START--
INFO: Run Behavior\WriteHtmlCacheBehavior [ RunTime:0.000168s ]
INFO: [ view_filter ] --END-- [ RunTime:0.000221s ]
INFO: [ app_end ] --START--
INFO: Run Behavior\ShowPageTraceBehavior [ RunTime:0.000158s ]
INFO: [ app_end ] --END-- [ RunTime:0.000209s ]

[ 2016-08-31T01:40:16+08:00 ] 103.207.230.103 /lib/jquery-1.8.3.min.js
INFO: [ app_init ] --START--
INFO: Run Behavior\BuildLiteBehavior [ RunTime:0.000016s ]
INFO: [ app_init ] --END-- [ RunTime:0.000102s ]
INFO: [ app_begin ] --START--
INFO: Run Behavior\ReadHtmlCacheBehavior [ RunTime:0.000075s ]
INFO: [ app_begin ] --END-- [ RunTime:0.000126s ]
ERR: 无法加载控制器:Lib

[ 2016-08-31T01:40:16+08:00 ] 103.207.230.103 /lib/htmlbox/htmlbox.colors.js
INFO: [ app_init ] --START--
INFO: Run Behavior\BuildLiteBehavior [ RunTime:0.000013s ]
INFO: [ app_init ] --END-- [ RunTime:0.000092s ]
INFO: [ app_begin ] --START--
INFO: Run Behavior\ReadHtmlCacheBehavior [ RunTime:0.000145s ]
INFO: [ app_begin ] --END-- [ RunTime:0.000199s ]
ERR: 无法加载控制器:Lib

[ 2016-08-31T01:40:16+08:00 ] 103.207.230.103 /js/nav.js
INFO: [ app_init ] --START--
INFO: Run Behavior\BuildLiteBehavior [ RunTime:0.000016s ]
INFO: [ app_init ] --END-- [ RunTime:0.000099s ]
INFO: [ app_begin ] --START--
INFO: Run Behavior\ReadHtmlCacheBehavior [ RunTime:0.000080s ]
INFO: [ app_begin ] --END-- [ RunTime:0.000137s ]
ERR: 无法加载控制器:Js

[ 2016-08-31T01:40:16+08:00 ] 219.232.48.10 /lib/jquery-1.8.3.min.js
INFO: [ app_init ] --START--
INFO: Run Behavior\BuildLiteBehavior [ RunTime:0.000017s ]
INFO: [ app_init ] --END-- [ RunTime:0.000107s ]
INFO: [ app_begin ] --START--
INFO: Run Behavior\ReadHtmlCacheBehavior [ RunTime:0.000082s ]
INFO: [ app_begin ] --END-- [ RunTime:0.000141s ]
ERR: 无法加载控制器:Lib

[ 2016-08-31T01:40:16+08:00 ] 103.207.230.103 /lib/jquery-1.8.3.min.js
INFO: [ app_init ] --START--
INFO: Run Behavior\BuildLiteBehavior [ RunTime:0.000016s ]
INFO: [ app_init ] --END-- [ RunTime:0.000107s ]
INFO: [ app_begin ] --START--
INFO: Run Behavior\ReadHtmlCacheBehavior [ RunTime:0.000079s ]
INFO: [ app_begin ] --END-- [ RunTime:0.000139s ]
ERR: 无法加载控制器:Lib

[ 2016-08-31T01:40:17+08:00 ] 103.207.230.103 /favicon.ico
INFO: [ app_init ] --START--
INFO: Run Behavior\BuildLiteBehavior [ RunTime:0.000017s ]
INFO: [ app_init ] --END-- [ RunTime:0.000108s ]

[ 2016-08-31T03:19:03+08:00 ] 103.207.230.103 /
INFO: [ app_init ] --START--
INFO: Run Behavior\BuildLiteBehavior [ RunTime:0.000016s ]
INFO: [ app_init ] --END-- [ RunTime:0.000106s ]
INFO: [ app_begin ] --START--
INFO: Run Behavior\ReadHtmlCacheBehavior [ RunTime:0.000135s ]
INFO: [ app_begin ] --END-- [ RunTime:0.000196s ]
SQL: SELECT art.article_id,art.user_id,art.title,art.summary,art.add_time,p.nickname,c.cate_title,count(a.article_id) browse_number FROM article art left join personal p using(user_id) left join category c using(cate_id) left join answer a using(article_id)  GROUP BY a.article_id ORDER BY browse_number desc LIMIT 20   [ RunTime:0.0025s ]
INFO: [ view_parse ] --START--
INFO: [ template_filter ] --START--
INFO: Run Behavior\ContentReplaceBehavior [ RunTime:0.000102s ]
INFO: [ template_filter ] --END-- [ RunTime:0.000163s ]
INFO: Run Behavior\ParseTemplateBehavior [ RunTime:0.009888s ]
INFO: [ view_parse ] --END-- [ RunTime:0.009965s ]
INFO: [ view_filter ] --START--
INFO: Run Behavior\WriteHtmlCacheBehavior [ RunTime:0.000182s ]
INFO: [ view_filter ] --END-- [ RunTime:0.000235s ]
INFO: [ app_end ] --START--
INFO: Run Behavior\ShowPageTraceBehavior [ RunTime:0.000167s ]
INFO: [ app_end ] --END-- [ RunTime:0.000218s ]

[ 2016-08-31T03:19:03+08:00 ] 103.207.230.103 /lib/jquery-1.8.3.min.js
INFO: [ app_init ] --START--
INFO: Run Behavior\BuildLiteBehavior [ RunTime:0.000016s ]
INFO: [ app_init ] --END-- [ RunTime:0.000107s ]
INFO: [ app_begin ] --START--
INFO: Run Behavior\ReadHtmlCacheBehavior [ RunTime:0.000096s ]
INFO: [ app_begin ] --END-- [ RunTime:0.000156s ]
ERR: 无法加载控制器:Lib

[ 2016-08-31T03:19:04+08:00 ] 103.207.230.103 /
INFO: [ app_init ] --START--
INFO: Run Behavior\BuildLiteBehavior [ RunTime:0.000016s ]
INFO: [ app_init ] --END-- [ RunTime:0.000106s ]
INFO: [ app_begin ] --START--
INFO: Run Behavior\ReadHtmlCacheBehavior [ RunTime:0.000082s ]
INFO: [ app_begin ] --END-- [ RunTime:0.000141s ]
SQL: SELECT art.article_id,art.user_id,art.title,art.summary,art.add_time,p.nickname,c.cate_title,count(a.article_id) browse_number FROM article art left join personal p using(user_id) left join category c using(cate_id) left join answer a using(article_id)  GROUP BY a.article_id ORDER BY browse_number desc LIMIT 20   [ RunTime:0.0008s ]
INFO: [ view_parse ] --START--
INFO: [ template_filter ] --START--
INFO: Run Behavior\ContentReplaceBehavior [ RunTime:0.000101s ]
INFO: [ template_filter ] --END-- [ RunTime:0.000161s ]
INFO: Run Behavior\ParseTemplateBehavior [ RunTime:0.008972s ]
INFO: [ view_parse ] --END-- [ RunTime:0.009040s ]
INFO: [ view_filter ] --START--
INFO: Run Behavior\WriteHtmlCacheBehavior [ RunTime:0.000084s ]
INFO: [ view_filter ] --END-- [ RunTime:0.000135s ]
INFO: [ app_end ] --START--
INFO: Run Behavior\ShowPageTraceBehavior [ RunTime:0.000080s ]
INFO: [ app_end ] --END-- [ RunTime:0.000129s ]

[ 2016-08-31T03:19:04+08:00 ] 103.207.230.103 /lib/jquery-1.8.3.min.js
INFO: [ app_init ] --START--
INFO: Run Behavior\BuildLiteBehavior [ RunTime:0.000015s ]
INFO: [ app_init ] --END-- [ RunTime:0.000101s ]
INFO: [ app_begin ] --START--
INFO: Run Behavior\ReadHtmlCacheBehavior [ RunTime:0.000084s ]
INFO: [ app_begin ] --END-- [ RunTime:0.000144s ]
ERR: 无法加载控制器:Lib

[ 2016-08-31T03:19:04+08:00 ] 103.207.230.103 /lib/htmlbox/htmlbox.colors.js
INFO: [ app_init ] --START--
INFO: Run Behavior\BuildLiteBehavior [ RunTime:0.000018s ]
INFO: [ app_init ] --END-- [ RunTime:0.000132s ]
INFO: [ app_begin ] --START--
INFO: Run Behavior\ReadHtmlCacheBehavior [ RunTime:0.000169s ]
INFO: [ app_begin ] --END-- [ RunTime:0.000237s ]
ERR: 无法加载控制器:Lib

[ 2016-08-31T03:19:04+08:00 ] 103.207.230.103 /js/nav.js
INFO: [ app_init ] --START--
INFO: Run Behavior\BuildLiteBehavior [ RunTime:0.000017s ]
INFO: [ app_init ] --END-- [ RunTime:0.000124s ]
INFO: [ app_begin ] --START--
INFO: Run Behavior\ReadHtmlCacheBehavior [ RunTime:0.000167s ]
INFO: [ app_begin ] --END-- [ RunTime:0.000231s ]
ERR: 无法加载控制器:Js

[ 2016-08-31T10:40:21+08:00 ] 60.10.117.39 /
INFO: [ app_init ] --START--
INFO: Run Behavior\BuildLiteBehavior [ RunTime:0.000017s ]
INFO: [ app_init ] --END-- [ RunTime:0.000780s ]
INFO: [ app_begin ] --START--
INFO: Run Behavior\ReadHtmlCacheBehavior [ RunTime:0.000964s ]
INFO: [ app_begin ] --END-- [ RunTime:0.001033s ]
SQL: SELECT art.article_id,art.user_id,art.title,art.summary,art.add_time,p.nickname,c.cate_title,count(a.article_id) browse_number FROM article art left join personal p using(user_id) left join category c using(cate_id) left join answer a using(article_id)  GROUP BY a.article_id ORDER BY browse_number desc LIMIT 20   [ RunTime:0.0024s ]
INFO: [ view_parse ] --START--
INFO: [ template_filter ] --START--
INFO: Run Behavior\ContentReplaceBehavior [ RunTime:0.000113s ]
INFO: [ template_filter ] --END-- [ RunTime:0.000179s ]
INFO: Run Behavior\ParseTemplateBehavior [ RunTime:0.029699s ]
INFO: [ view_parse ] --END-- [ RunTime:0.029761s ]
INFO: [ view_filter ] --START--
INFO: Run Behavior\WriteHtmlCacheBehavior [ RunTime:0.000405s ]
INFO: [ view_filter ] --END-- [ RunTime:0.000458s ]
INFO: [ app_end ] --START--
INFO: Run Behavior\ShowPageTraceBehavior [ RunTime:0.001062s ]
INFO: [ app_end ] --END-- [ RunTime:0.001119s ]

[ 2016-08-31T10:40:21+08:00 ] 60.10.117.39 /lib/jquery-1.8.3.min.js
INFO: [ app_init ] --START--
INFO: Run Behavior\BuildLiteBehavior [ RunTime:0.000017s ]
INFO: [ app_init ] --END-- [ RunTime:0.000108s ]
INFO: [ app_begin ] --START--
INFO: Run Behavior\ReadHtmlCacheBehavior [ RunTime:0.000084s ]
INFO: [ app_begin ] --END-- [ RunTime:0.000143s ]
ERR: 无法加载控制器:Lib

[ 2016-08-31T10:40:21+08:00 ] 60.10.117.39 /lib/htmlbox/htmlbox.colors.js
INFO: [ app_init ] --START--
INFO: Run Behavior\BuildLiteBehavior [ RunTime:0.000016s ]
INFO: [ app_init ] --END-- [ RunTime:0.000102s ]
INFO: [ app_begin ] --START--
INFO: Run Behavior\ReadHtmlCacheBehavior [ RunTime:0.000080s ]
INFO: [ app_begin ] --END-- [ RunTime:0.000139s ]
ERR: 无法加载控制器:Lib

[ 2016-08-31T10:40:22+08:00 ] 60.10.117.39 /js/nav.js
INFO: [ app_init ] --START--
INFO: Run Behavior\BuildLiteBehavior [ RunTime:0.000016s ]
INFO: [ app_init ] --END-- [ RunTime:0.000107s ]
INFO: [ app_begin ] --START--
INFO: Run Behavior\ReadHtmlCacheBehavior [ RunTime:0.000081s ]
INFO: [ app_begin ] --END-- [ RunTime:0.000140s ]
ERR: 无法加载控制器:Js

[ 2016-08-31T10:40:22+08:00 ] 219.232.48.10 /lib/jquery-1.8.3.min.js
INFO: [ app_init ] --START--
INFO: Run Behavior\BuildLiteBehavior [ RunTime:0.000016s ]
INFO: [ app_init ] --END-- [ RunTime:0.000104s ]
INFO: [ app_begin ] --START--
INFO: Run Behavior\ReadHtmlCacheBehavior [ RunTime:0.000081s ]
INFO: [ app_begin ] --END-- [ RunTime:0.000140s ]
ERR: 无法加载控制器:Lib

[ 2016-08-31T10:40:22+08:00 ] 60.10.117.39 /lib/jquery-1.8.3.min.js
INFO: [ app_init ] --START--
INFO: Run Behavior\BuildLiteBehavior [ RunTime:0.000016s ]
INFO: [ app_init ] --END-- [ RunTime:0.000107s ]
INFO: [ app_begin ] --START--
INFO: Run Behavior\ReadHtmlCacheBehavior [ RunTime:0.000082s ]
INFO: [ app_begin ] --END-- [ RunTime:0.000141s ]
ERR: 无法加载控制器:Lib

[ 2016-08-31T10:40:23+08:00 ] 60.10.117.39 /favicon.ico
INFO: [ app_init ] --START--
INFO: Run Behavior\BuildLiteBehavior [ RunTime:0.000016s ]
INFO: [ app_init ] --END-- [ RunTime:0.000106s ]

[ 2016-08-31T10:43:19+08:00 ] 60.10.117.39 /
INFO: [ app_init ] --START--
INFO: Run Behavior\BuildLiteBehavior [ RunTime:0.000016s ]
INFO: [ app_init ] --END-- [ RunTime:0.000106s ]
INFO: [ app_begin ] --START--
INFO: Run Behavior\ReadHtmlCacheBehavior [ RunTime:0.000128s ]
INFO: [ app_begin ] --END-- [ RunTime:0.000188s ]
SQL: SELECT art.article_id,art.user_id,art.title,art.summary,art.add_time,p.nickname,c.cate_title,count(a.article_id) browse_number FROM article art left join personal p using(user_id) left join category c using(cate_id) left join answer a using(article_id)  GROUP BY a.article_id ORDER BY browse_number desc LIMIT 20   [ RunTime:0.0008s ]
INFO: [ view_parse ] --START--
INFO: [ template_filter ] --START--
INFO: Run Behavior\ContentReplaceBehavior [ RunTime:0.000102s ]
INFO: [ template_filter ] --END-- [ RunTime:0.000164s ]
INFO: Run Behavior\ParseTemplateBehavior [ RunTime:0.009779s ]
INFO: [ view_parse ] --END-- [ RunTime:0.009860s ]
INFO: [ view_filter ] --START--
INFO: Run Behavior\WriteHtmlCacheBehavior [ RunTime:0.000157s ]
INFO: [ view_filter ] --END-- [ RunTime:0.000210s ]
INFO: [ app_end ] --START--
INFO: Run Behavior\ShowPageTraceBehavior [ RunTime:0.000150s ]
INFO: [ app_end ] --END-- [ RunTime:0.000201s ]

[ 2016-08-31T10:43:19+08:00 ] 60.10.117.39 /lib/htmlbox/htmlbox.colors.js
INFO: [ app_init ] --START--
INFO: Run Behavior\BuildLiteBehavior [ RunTime:0.000025s ]
INFO: [ app_init ] --END-- [ RunTime:0.000164s ]
INFO: [ app_begin ] --START--
INFO: Run Behavior\ReadHtmlCacheBehavior [ RunTime:0.000117s ]
INFO: [ app_begin ] --END-- [ RunTime:0.000211s ]
ERR: 无法加载控制器:Lib

[ 2016-08-31T10:43:20+08:00 ] 60.10.117.39 /js/nav.js
INFO: [ app_init ] --START--
INFO: Run Behavior\BuildLiteBehavior [ RunTime:0.000027s ]
INFO: [ app_init ] --END-- [ RunTime:0.000173s ]
INFO: [ app_begin ] --START--
INFO: Run Behavior\ReadHtmlCacheBehavior [ RunTime:0.000208s ]
INFO: [ app_begin ] --END-- [ RunTime:0.000293s ]
ERR: 无法加载控制器:Js

[ 2016-08-31T10:43:20+08:00 ] 60.10.117.39 /lib/jquery-1.8.3.min.js
INFO: [ app_init ] --START--
INFO: Run Behavior\BuildLiteBehavior [ RunTime:0.000025s ]
INFO: [ app_init ] --END-- [ RunTime:0.000172s ]
INFO: [ app_begin ] --START--
INFO: Run Behavior\ReadHtmlCacheBehavior [ RunTime:0.000257s ]
INFO: [ app_begin ] --END-- [ RunTime:0.000349s ]
ERR: 无法加载控制器:Lib

[ 2016-08-31T10:43:20+08:00 ] 219.232.48.10 /lib/jquery-1.8.3.min.js
INFO: [ app_init ] --START--
INFO: Run Behavior\BuildLiteBehavior [ RunTime:0.000023s ]
INFO: [ app_init ] --END-- [ RunTime:0.000148s ]
INFO: [ app_begin ] --START--
INFO: Run Behavior\ReadHtmlCacheBehavior [ RunTime:0.000109s ]
INFO: [ app_begin ] --END-- [ RunTime:0.000202s ]
ERR: 无法加载控制器:Lib

[ 2016-08-31T10:43:20+08:00 ] 60.10.117.39 /lib/jquery-1.8.3.min.js
INFO: [ app_init ] --START--
INFO: Run Behavior\BuildLiteBehavior [ RunTime:0.000023s ]
INFO: [ app_init ] --END-- [ RunTime:0.000142s ]
INFO: [ app_begin ] --START--
INFO: Run Behavior\ReadHtmlCacheBehavior [ RunTime:0.000110s ]
INFO: [ app_begin ] --END-- [ RunTime:0.000195s ]
ERR: 无法加载控制器:Lib

[ 2016-08-31T19:36:14+08:00 ] 123.151.64.202 /
INFO: [ app_init ] --START--
INFO: Run Behavior\BuildLiteBehavior [ RunTime:0.000018s ]
INFO: [ app_init ] --END-- [ RunTime:0.000737s ]
INFO: [ app_begin ] --START--
INFO: Run Behavior\ReadHtmlCacheBehavior [ RunTime:0.000967s ]
INFO: [ app_begin ] --END-- [ RunTime:0.001036s ]
SQL: SELECT art.article_id,art.user_id,art.title,art.summary,art.add_time,p.nickname,c.cate_title,count(a.article_id) browse_number FROM article art left join personal p using(user_id) left join category c using(cate_id) left join answer a using(article_id)  GROUP BY a.article_id ORDER BY browse_number desc LIMIT 20   [ RunTime:0.0025s ]
INFO: [ view_parse ] --START--
INFO: [ template_filter ] --START--
INFO: Run Behavior\ContentReplaceBehavior [ RunTime:0.000112s ]
INFO: [ template_filter ] --END-- [ RunTime:0.000172s ]
INFO: Run Behavior\ParseTemplateBehavior [ RunTime:0.030072s ]
INFO: [ view_parse ] --END-- [ RunTime:0.030137s ]
INFO: [ view_filter ] --START--
INFO: Run Behavior\WriteHtmlCacheBehavior [ RunTime:0.000429s ]
INFO: [ view_filter ] --END-- [ RunTime:0.000485s ]
INFO: [ app_end ] --START--
INFO: Run Behavior\ShowPageTraceBehavior [ RunTime:0.001054s ]
INFO: [ app_end ] --END-- [ RunTime:0.001110s ]

[ 2016-08-31T19:36:14+08:00 ] 123.151.64.202 /lib/jquery-1.8.3.min.js
INFO: [ app_init ] --START--
INFO: Run Behavior\BuildLiteBehavior [ RunTime:0.000017s ]
INFO: [ app_init ] --END-- [ RunTime:0.000107s ]
INFO: [ app_begin ] --START--
INFO: Run Behavior\ReadHtmlCacheBehavior [ RunTime:0.000083s ]
INFO: [ app_begin ] --END-- [ RunTime:0.000140s ]
ERR: 无法加载控制器:Lib

[ 2016-08-31T19:36:14+08:00 ] 123.151.64.202 /lib/htmlbox/htmlbox.colors.js
INFO: [ app_init ] --START--
INFO: Run Behavior\BuildLiteBehavior [ RunTime:0.000015s ]
INFO: [ app_init ] --END-- [ RunTime:0.000098s ]
INFO: [ app_begin ] --START--
INFO: Run Behavior\ReadHtmlCacheBehavior [ RunTime:0.000078s ]
INFO: [ app_begin ] --END-- [ RunTime:0.000136s ]
ERR: 无法加载控制器:Lib

[ 2016-08-31T19:36:14+08:00 ] 123.151.64.202 /js/nav.js
INFO: [ app_init ] --START--
INFO: Run Behavior\BuildLiteBehavior [ RunTime:0.000015s ]
INFO: [ app_init ] --END-- [ RunTime:0.000098s ]
INFO: [ app_begin ] --START--
INFO: Run Behavior\ReadHtmlCacheBehavior [ RunTime:0.000078s ]
INFO: [ app_begin ] --END-- [ RunTime:0.000135s ]
ERR: 无法加载控制器:Js

[ 2016-08-31T19:36:14+08:00 ] 123.151.64.202 /lib/jquery-1.8.3.min.js
INFO: [ app_init ] --START--
INFO: Run Behavior\BuildLiteBehavior [ RunTime:0.000017s ]
INFO: [ app_init ] --END-- [ RunTime:0.000106s ]
INFO: [ app_begin ] --START--
INFO: Run Behavior\ReadHtmlCacheBehavior [ RunTime:0.000080s ]
INFO: [ app_begin ] --END-- [ RunTime:0.000139s ]
ERR: 无法加载控制器:Lib

[ 2016-08-31T19:36:14+08:00 ] 123.151.64.202 /lib/htmlbox/htmlbox.colors.js
INFO: [ app_init ] --START--
INFO: Run Behavior\BuildLiteBehavior [ RunTime:0.000016s ]
INFO: [ app_init ] --END-- [ RunTime:0.000098s ]
INFO: [ app_begin ] --START--
INFO: Run Behavior\ReadHtmlCacheBehavior [ RunTime:0.000079s ]
INFO: [ app_begin ] --END-- [ RunTime:0.000137s ]
ERR: 无法加载控制器:Lib

[ 2016-08-31T19:36:14+08:00 ] 123.151.64.202 /js/nav.js
INFO: [ app_init ] --START--
INFO: Run Behavior\BuildLiteBehavior [ RunTime:0.000016s ]
INFO: [ app_init ] --END-- [ RunTime:0.000104s ]
INFO: [ app_begin ] --START--
INFO: Run Behavior\ReadHtmlCacheBehavior [ RunTime:0.000081s ]
INFO: [ app_begin ] --END-- [ RunTime:0.000138s ]
ERR: 无法加载控制器:Js

